2024-11-10 12:54:15,091 - INFO - [-]尝试读取客户信息...
2024-11-10 12:54:15,092 - SUCCESS - [+]成功读取客户信息！
2024-11-10 12:54:18,451 - INFO - [-]创建浏览器实例...
2024-11-10 12:54:18,468 - INFO - [-]创建浏览器实例...
2024-11-10 12:54:19,742 - INFO - [-]002335尝试打开cninfo...
2024-11-10 12:54:19,748 - INFO - [-]sz002335尝试打开sina...
2024-11-10 12:54:27,933 - ERROR - 在 open_url 没有成功执行!
2024-11-10 12:54:27,936 - ERROR - 传递的参数: args = (<Page url='https://vip.stock.finance.sina.com.cn/corp/go.php/vCB_AllNewsStock/symbol/sz002335.phtml'>, 'sz002335', 'https://vip.stock.finance.sina.com.cn/corp/go.php/vCB_AllNewsStock/symbol/sz002335.phtml'), kwargs = {}
2024-11-10 12:54:27,936 - ERROR - Page.goto: Target page, context or browser has been closed
Call log:
navigating to "https://vip.stock.finance.sina.com.cn/corp/go.php/vCB_AllNewsStock/symbol/sz002335.phtml", waiting until "load"

2024-11-10 12:54:27,936 - INFO - [-]sz300297尝试打开sina...
2024-11-10 12:54:27,946 - ERROR - 在 open_url 没有成功执行!
2024-11-10 12:54:27,946 - ERROR - 传递的参数: args = (<Page url='https://vip.stock.finance.sina.com.cn/corp/go.php/vCB_AllNewsStock/symbol/sz002335.phtml'>, 'sz300297', 'https://vip.stock.finance.sina.com.cn/corp/go.php/vCB_AllNewsStock/symbol/sz300297.phtml'), kwargs = {}
2024-11-10 12:54:27,946 - ERROR - Page.goto: Target page, context or browser has been closed
2024-11-10 12:57:22,436 - INFO - [-]尝试读取客户信息...
2024-11-10 12:57:22,437 - SUCCESS - [+]成功读取客户信息！
2024-11-10 12:57:23,323 - INFO - [-]创建浏览器实例...
2024-11-10 12:57:23,335 - INFO - [-]创建浏览器实例...
2024-11-10 12:57:24,310 - INFO - [-]002335尝试打开cninfo...
2024-11-10 12:57:24,326 - INFO - [-]sz002335尝试打开sina...
2024-11-10 12:57:34,826 - SUCCESS - [+]002335成功打开cninfo！
2024-11-10 12:57:34,826 - INFO - [-]选择日期和输入代码...
2024-11-10 12:57:37,134 - ERROR - 在 open_url 没有成功执行!
2024-11-10 12:57:37,134 - ERROR - 传递的参数: args = (<Page url='https://vip.stock.finance.sina.com.cn/corp/go.php/vCB_AllNewsStock/symbol/sz002335.phtml'>, 'sz002335', 'https://vip.stock.finance.sina.com.cn/corp/go.php/vCB_AllNewsStock/symbol/sz002335.phtml'), kwargs = {}
2024-11-10 12:57:37,135 - ERROR - Page.goto: Target page, context or browser has been closed
Call log:
navigating to "https://vip.stock.finance.sina.com.cn/corp/go.php/vCB_AllNewsStock/symbol/sz002335.phtml", waiting until "load"

2024-11-10 12:57:37,135 - INFO - [-]sz300297尝试打开sina...
2024-11-10 12:57:37,144 - ERROR - 在 open_url 没有成功执行!
2024-11-10 12:57:37,145 - ERROR - 传递的参数: args = (<Page url='https://vip.stock.finance.sina.com.cn/corp/go.php/vCB_AllNewsStock/symbol/sz002335.phtml'>, 'sz300297', 'https://vip.stock.finance.sina.com.cn/corp/go.php/vCB_AllNewsStock/symbol/sz300297.phtml'), kwargs = {}
2024-11-10 12:57:37,145 - ERROR - Page.goto: Target page, context or browser has been closed
