2024-11-04 16:11:13,981 - INFO - [-]尝试读取客户信息...
2024-11-04 16:11:13,984 - SUCCESS - [+]成功读取客户信息！
2024-11-04 16:11:15,003 - INFO - [-]创建浏览器实例...
2024-11-04 16:11:15,013 - INFO - [-]创建浏览器实例...
2024-11-04 16:11:18,334 - INFO - [-]002709尝试打开cninfo...
2024-11-04 16:11:18,356 - INFO - [-]sz002709尝试打开sina...
2024-11-04 16:11:18,476 - ERROR - 在 open_url 没有成功执行!
2024-11-04 16:11:18,477 - ERROR - 传递的参数: args = (<Page url='about:blank'>, 'sz002709', 'https://vip.stock.finance.sina.com.cn/corp/go.php/vCB_AllNewsStock/symbol/sz002709.phtml'), kwargs = {}
2024-11-04 16:11:18,477 - ERROR - Page.goto: net::ERR_PROXY_CONNECTION_FAILED at https://vip.stock.finance.sina.com.cn/corp/go.php/vCB_AllNewsStock/symbol/sz002709.phtml
Call log:
navigating to "https://vip.stock.finance.sina.com.cn/corp/go.php/vCB_AllNewsStock/symbol/sz002709.phtml", waiting until "load"

2024-11-04 16:11:18,477 - INFO - [-]sz300297尝试打开sina...
2024-11-04 16:11:18,493 - ERROR - 在 open_url 没有成功执行!
2024-11-04 16:11:18,493 - ERROR - 传递的参数: args = (<Page url='about:blank'>, '002709', 'http://www.cninfo.com.cn/new/index'), kwargs = {}
2024-11-04 16:11:18,493 - ERROR - Page.goto: net::ERR_PROXY_CONNECTION_FAILED at http://www.cninfo.com.cn/new/index
Call log:
navigating to "http://www.cninfo.com.cn/new/index", waiting until "load"

2024-11-04 16:11:18,493 - INFO - [-]300297尝试打开cninfo...
2024-11-04 16:11:18,756 - ERROR - 在 open_url 没有成功执行!
2024-11-04 16:11:18,756 - ERROR - 传递的参数: args = (<Page url='chrome-error://chromewebdata/'>, '300297', 'http://www.cninfo.com.cn/new/index'), kwargs = {}
2024-11-04 16:11:18,757 - ERROR - Page.goto: net::ERR_PROXY_CONNECTION_FAILED at http://www.cninfo.com.cn/new/index
Call log:
navigating to "http://www.cninfo.com.cn/new/index", waiting until "load"

2024-11-04 16:11:18,761 - ERROR - 在 open_url 没有成功执行!
2024-11-04 16:11:18,761 - ERROR - 传递的参数: args = (<Page url='chrome-error://chromewebdata/'>, 'sz300297', 'https://vip.stock.finance.sina.com.cn/corp/go.php/vCB_AllNewsStock/symbol/sz300297.phtml'), kwargs = {}
2024-11-04 16:11:18,762 - ERROR - Page.goto: net::ERR_PROXY_CONNECTION_FAILED at https://vip.stock.finance.sina.com.cn/corp/go.php/vCB_AllNewsStock/symbol/sz300297.phtml
Call log:
navigating to "https://vip.stock.finance.sina.com.cn/corp/go.php/vCB_AllNewsStock/symbol/sz300297.phtml", waiting until "load"

2024-11-04 16:11:19,707 - INFO - [-]创建浏览器实例...
2024-11-04 16:11:20,679 - INFO - [-]002709尝试打开cninfo...
2024-11-04 16:11:20,696 - ERROR - 在 open_url 没有成功执行!
2024-11-04 16:11:20,696 - ERROR - 传递的参数: args = (<Page url='about:blank'>, '002709', 'http://www.cninfo.com.cn/new/index'), kwargs = {}
2024-11-04 16:11:20,697 - ERROR - Page.goto: net::ERR_PROXY_CONNECTION_FAILED at http://www.cninfo.com.cn/new/index
Call log:
navigating to "http://www.cninfo.com.cn/new/index", waiting until "load"

2024-11-04 16:11:20,697 - INFO - [-]300297尝试打开cninfo...
2024-11-04 16:11:20,856 - ERROR - 在 open_url 没有成功执行!
2024-11-04 16:11:20,856 - ERROR - 传递的参数: args = (<Page url='chrome-error://chromewebdata/'>, '300297', 'http://www.cninfo.com.cn/new/index'), kwargs = {}
2024-11-04 16:11:20,856 - ERROR - Page.goto: net::ERR_PROXY_CONNECTION_FAILED at http://www.cninfo.com.cn/new/index
Call log:
navigating to "http://www.cninfo.com.cn/new/index", waiting until "load"

2024-11-04 16:11:21,413 - INFO - [-]创建浏览器实例...
2024-11-04 16:11:22,051 - INFO - [-]002709尝试打开cninfo...
2024-11-04 16:11:22,069 - ERROR - 在 open_url 没有成功执行!
2024-11-04 16:11:22,070 - ERROR - 传递的参数: args = (<Page url='about:blank'>, '002709', 'http://www.cninfo.com.cn/new/index'), kwargs = {}
2024-11-04 16:11:22,070 - ERROR - Page.goto: net::ERR_PROXY_CONNECTION_FAILED at http://www.cninfo.com.cn/new/index
Call log:
navigating to "http://www.cninfo.com.cn/new/index", waiting until "load"

2024-11-04 16:11:22,070 - INFO - [-]300297尝试打开cninfo...
2024-11-04 16:11:22,182 - ERROR - 在 open_url 没有成功执行!
2024-11-04 16:11:22,183 - ERROR - 传递的参数: args = (<Page url='chrome-error://chromewebdata/'>, '300297', 'http://www.cninfo.com.cn/new/index'), kwargs = {}
2024-11-04 16:11:22,183 - ERROR - Page.goto: net::ERR_PROXY_CONNECTION_FAILED at http://www.cninfo.com.cn/new/index
Call log:
navigating to "http://www.cninfo.com.cn/new/index", waiting until "load"

2024-11-04 16:11:22,649 - INFO - [-]创建浏览器实例...
2024-11-04 16:11:23,222 - INFO - [-]002709尝试打开cninfo...
2024-11-04 16:11:23,235 - ERROR - 在 open_url 没有成功执行!
2024-11-04 16:11:23,235 - ERROR - 传递的参数: args = (<Page url='about:blank'>, '002709', 'http://www.cninfo.com.cn/new/index'), kwargs = {}
2024-11-04 16:11:23,235 - ERROR - Page.goto: net::ERR_PROXY_CONNECTION_FAILED at http://www.cninfo.com.cn/new/index
Call log:
navigating to "http://www.cninfo.com.cn/new/index", waiting until "load"

2024-11-04 16:11:23,235 - INFO - [-]300297尝试打开cninfo...
2024-11-04 16:11:23,346 - ERROR - 在 open_url 没有成功执行!
2024-11-04 16:11:23,346 - ERROR - 传递的参数: args = (<Page url='chrome-error://chromewebdata/'>, '300297', 'http://www.cninfo.com.cn/new/index'), kwargs = {}
2024-11-04 16:11:23,346 - ERROR - Page.goto: net::ERR_PROXY_CONNECTION_FAILED at http://www.cninfo.com.cn/new/index
Call log:
navigating to "http://www.cninfo.com.cn/new/index", waiting until "load"

2024-11-04 16:11:23,820 - INFO - [-]创建浏览器实例...
2024-11-04 16:11:24,414 - INFO - [-]002709尝试打开cninfo...
2024-11-04 16:11:24,431 - ERROR - 在 open_url 没有成功执行!
2024-11-04 16:11:24,431 - ERROR - 传递的参数: args = (<Page url='about:blank'>, '002709', 'http://www.cninfo.com.cn/new/index'), kwargs = {}
2024-11-04 16:11:24,431 - ERROR - Page.goto: net::ERR_PROXY_CONNECTION_FAILED at http://www.cninfo.com.cn/new/index
Call log:
navigating to "http://www.cninfo.com.cn/new/index", waiting until "load"

2024-11-04 16:11:24,432 - INFO - [-]300297尝试打开cninfo...
2024-11-04 16:11:24,548 - ERROR - 在 open_url 没有成功执行!
2024-11-04 16:11:24,549 - ERROR - 传递的参数: args = (<Page url='chrome-error://chromewebdata/'>, '300297', 'http://www.cninfo.com.cn/new/index'), kwargs = {}
2024-11-04 16:11:24,549 - ERROR - Page.goto: net::ERR_PROXY_CONNECTION_FAILED at http://www.cninfo.com.cn/new/index
Call log:
navigating to "http://www.cninfo.com.cn/new/index", waiting until "load"

2024-11-04 16:11:25,018 - INFO - [-]创建浏览器实例...
2024-11-04 16:11:25,596 - INFO - [-]002709尝试打开cninfo...
2024-11-04 16:11:25,616 - ERROR - 在 open_url 没有成功执行!
2024-11-04 16:11:25,616 - ERROR - 传递的参数: args = (<Page url='about:blank'>, '002709', 'http://www.cninfo.com.cn/new/index'), kwargs = {}
2024-11-04 16:11:25,616 - ERROR - Page.goto: net::ERR_PROXY_CONNECTION_FAILED at http://www.cninfo.com.cn/new/index
Call log:
navigating to "http://www.cninfo.com.cn/new/index", waiting until "load"

2024-11-04 16:11:25,617 - INFO - [-]300297尝试打开cninfo...
2024-11-04 16:11:25,726 - ERROR - 在 open_url 没有成功执行!
2024-11-04 16:11:25,727 - ERROR - 传递的参数: args = (<Page url='chrome-error://chromewebdata/'>, '300297', 'http://www.cninfo.com.cn/new/index'), kwargs = {}
2024-11-04 16:11:25,727 - ERROR - Page.goto: net::ERR_PROXY_CONNECTION_FAILED at http://www.cninfo.com.cn/new/index
Call log:
navigating to "http://www.cninfo.com.cn/new/index", waiting until "load"

2024-11-04 16:11:26,157 - INFO - [-]创建浏览器实例...
2024-11-04 16:11:26,733 - INFO - [-]002709尝试打开cninfo...
2024-11-04 16:11:26,745 - ERROR - 在 open_url 没有成功执行!
2024-11-04 16:11:26,746 - ERROR - 传递的参数: args = (<Page url='about:blank'>, '002709', 'http://www.cninfo.com.cn/new/index'), kwargs = {}
2024-11-04 16:11:26,746 - ERROR - Page.goto: net::ERR_PROXY_CONNECTION_FAILED at http://www.cninfo.com.cn/new/index
Call log:
navigating to "http://www.cninfo.com.cn/new/index", waiting until "load"

2024-11-04 16:11:26,746 - INFO - [-]300297尝试打开cninfo...
2024-11-04 16:11:26,854 - ERROR - 在 open_url 没有成功执行!
2024-11-04 16:11:26,854 - ERROR - 传递的参数: args = (<Page url='chrome-error://chromewebdata/'>, '300297', 'http://www.cninfo.com.cn/new/index'), kwargs = {}
2024-11-04 16:11:26,854 - ERROR - Page.goto: net::ERR_PROXY_CONNECTION_FAILED at http://www.cninfo.com.cn/new/index
Call log:
navigating to "http://www.cninfo.com.cn/new/index", waiting until "load"

2024-11-04 16:11:27,293 - INFO - [-]创建浏览器实例...
2024-11-04 16:11:27,886 - INFO - [-]002709尝试打开cninfo...
2024-11-04 16:11:27,903 - ERROR - 在 open_url 没有成功执行!
2024-11-04 16:11:27,915 - ERROR - 传递的参数: args = (<Page url='about:blank'>, '002709', 'http://www.cninfo.com.cn/new/index'), kwargs = {}
2024-11-04 16:11:27,915 - ERROR - Page.goto: net::ERR_PROXY_CONNECTION_FAILED at http://www.cninfo.com.cn/new/index
Call log:
navigating to "http://www.cninfo.com.cn/new/index", waiting until "load"

2024-11-04 16:11:27,915 - INFO - [-]300297尝试打开cninfo...
2024-11-04 16:11:28,013 - ERROR - 在 open_url 没有成功执行!
2024-11-04 16:11:28,014 - ERROR - 传递的参数: args = (<Page url='chrome-error://chromewebdata/'>, '300297', 'http://www.cninfo.com.cn/new/index'), kwargs = {}
2024-11-04 16:11:28,014 - ERROR - Page.goto: net::ERR_PROXY_CONNECTION_FAILED at http://www.cninfo.com.cn/new/index
Call log:
navigating to "http://www.cninfo.com.cn/new/index", waiting until "load"

2024-11-04 16:11:28,482 - INFO - [-]创建浏览器实例...
2024-11-04 16:11:29,091 - INFO - [-]002709尝试打开cninfo...
2024-11-04 16:11:29,106 - ERROR - 在 open_url 没有成功执行!
2024-11-04 16:11:29,107 - ERROR - 传递的参数: args = (<Page url='about:blank'>, '002709', 'http://www.cninfo.com.cn/new/index'), kwargs = {}
2024-11-04 16:11:29,107 - ERROR - Page.goto: net::ERR_PROXY_CONNECTION_FAILED at http://www.cninfo.com.cn/new/index
Call log:
navigating to "http://www.cninfo.com.cn/new/index", waiting until "load"

2024-11-04 16:11:29,107 - INFO - [-]300297尝试打开cninfo...
2024-11-04 16:11:29,246 - ERROR - 在 open_url 没有成功执行!
2024-11-04 16:11:29,247 - ERROR - 传递的参数: args = (<Page url='chrome-error://chromewebdata/'>, '300297', 'http://www.cninfo.com.cn/new/index'), kwargs = {}
2024-11-04 16:11:29,247 - ERROR - Page.goto: net::ERR_PROXY_CONNECTION_FAILED at http://www.cninfo.com.cn/new/index
Call log:
navigating to "http://www.cninfo.com.cn/new/index", waiting until "load"

2024-11-04 16:11:29,694 - INFO - [-]创建浏览器实例...
2024-11-04 16:11:30,271 - INFO - [-]002709尝试打开cninfo...
2024-11-04 16:11:30,287 - ERROR - 在 open_url 没有成功执行!
2024-11-04 16:11:30,288 - ERROR - 传递的参数: args = (<Page url='about:blank'>, '002709', 'http://www.cninfo.com.cn/new/index'), kwargs = {}
2024-11-04 16:11:30,288 - ERROR - Page.goto: net::ERR_PROXY_CONNECTION_FAILED at http://www.cninfo.com.cn/new/index
Call log:
navigating to "http://www.cninfo.com.cn/new/index", waiting until "load"

2024-11-04 16:11:30,288 - INFO - [-]300297尝试打开cninfo...
2024-11-04 16:11:30,421 - ERROR - 在 open_url 没有成功执行!
2024-11-04 16:11:30,421 - ERROR - 传递的参数: args = (<Page url='chrome-error://chromewebdata/'>, '300297', 'http://www.cninfo.com.cn/new/index'), kwargs = {}
2024-11-04 16:11:30,421 - ERROR - Page.goto: net::ERR_PROXY_CONNECTION_FAILED at http://www.cninfo.com.cn/new/index
Call log:
navigating to "http://www.cninfo.com.cn/new/index", waiting until "load"

2024-11-04 16:11:30,861 - INFO - [-]创建浏览器实例...
2024-11-04 16:11:31,444 - INFO - [-]002709尝试打开cninfo...
2024-11-04 16:11:31,457 - ERROR - 在 open_url 没有成功执行!
2024-11-04 16:11:31,457 - ERROR - 传递的参数: args = (<Page url='about:blank'>, '002709', 'http://www.cninfo.com.cn/new/index'), kwargs = {}
2024-11-04 16:11:31,457 - ERROR - Page.goto: net::ERR_PROXY_CONNECTION_FAILED at http://www.cninfo.com.cn/new/index
Call log:
navigating to "http://www.cninfo.com.cn/new/index", waiting until "load"

2024-11-04 16:11:31,457 - INFO - [-]300297尝试打开cninfo...
2024-11-04 16:11:31,567 - ERROR - 在 open_url 没有成功执行!
2024-11-04 16:11:31,567 - ERROR - 传递的参数: args = (<Page url='chrome-error://chromewebdata/'>, '300297', 'http://www.cninfo.com.cn/new/index'), kwargs = {}
2024-11-04 16:11:31,568 - ERROR - Page.goto: net::ERR_PROXY_CONNECTION_FAILED at http://www.cninfo.com.cn/new/index
Call log:
navigating to "http://www.cninfo.com.cn/new/index", waiting until "load"

2024-11-04 16:11:32,065 - INFO - [-]创建浏览器实例...
2024-11-04 16:11:32,655 - INFO - [-]002709尝试打开cninfo...
2024-11-04 16:11:32,670 - ERROR - 在 open_url 没有成功执行!
2024-11-04 16:11:32,671 - ERROR - 传递的参数: args = (<Page url='about:blank'>, '002709', 'http://www.cninfo.com.cn/new/index'), kwargs = {}
2024-11-04 16:11:32,671 - ERROR - Page.goto: net::ERR_PROXY_CONNECTION_FAILED at http://www.cninfo.com.cn/new/index
Call log:
navigating to "http://www.cninfo.com.cn/new/index", waiting until "load"

2024-11-04 16:11:32,671 - INFO - [-]300297尝试打开cninfo...
2024-11-04 16:11:32,806 - ERROR - 在 open_url 没有成功执行!
2024-11-04 16:11:32,807 - ERROR - 传递的参数: args = (<Page url='chrome-error://chromewebdata/'>, '300297', 'http://www.cninfo.com.cn/new/index'), kwargs = {}
2024-11-04 16:11:32,807 - ERROR - Page.goto: net::ERR_PROXY_CONNECTION_FAILED at http://www.cninfo.com.cn/new/index
Call log:
navigating to "http://www.cninfo.com.cn/new/index", waiting until "load"

2024-11-04 16:11:33,247 - INFO - [-]创建浏览器实例...
2024-11-04 16:11:33,810 - INFO - [-]002709尝试打开cninfo...
2024-11-04 16:11:33,830 - ERROR - 在 open_url 没有成功执行!
2024-11-04 16:11:33,830 - ERROR - 传递的参数: args = (<Page url='about:blank'>, '002709', 'http://www.cninfo.com.cn/new/index'), kwargs = {}
2024-11-04 16:11:33,831 - ERROR - Page.goto: net::ERR_PROXY_CONNECTION_FAILED at http://www.cninfo.com.cn/new/index
Call log:
navigating to "http://www.cninfo.com.cn/new/index", waiting until "load"

2024-11-04 16:11:33,831 - INFO - [-]300297尝试打开cninfo...
2024-11-04 16:11:33,949 - ERROR - 在 open_url 没有成功执行!
2024-11-04 16:11:33,949 - ERROR - 传递的参数: args = (<Page url='chrome-error://chromewebdata/'>, '300297', 'http://www.cninfo.com.cn/new/index'), kwargs = {}
2024-11-04 16:11:33,949 - ERROR - Page.goto: net::ERR_PROXY_CONNECTION_FAILED at http://www.cninfo.com.cn/new/index
Call log:
navigating to "http://www.cninfo.com.cn/new/index", waiting until "load"

2024-11-04 16:11:34,389 - INFO - [-]创建浏览器实例...
2024-11-04 16:11:34,959 - INFO - [-]002709尝试打开cninfo...
2024-11-04 16:11:34,972 - ERROR - 在 open_url 没有成功执行!
2024-11-04 16:11:34,972 - ERROR - 传递的参数: args = (<Page url='about:blank'>, '002709', 'http://www.cninfo.com.cn/new/index'), kwargs = {}
2024-11-04 16:11:34,972 - ERROR - Page.goto: net::ERR_PROXY_CONNECTION_FAILED at http://www.cninfo.com.cn/new/index
Call log:
navigating to "http://www.cninfo.com.cn/new/index", waiting until "load"

2024-11-04 16:11:34,972 - INFO - [-]300297尝试打开cninfo...
2024-11-04 16:11:35,102 - ERROR - 在 open_url 没有成功执行!
2024-11-04 16:11:35,103 - ERROR - 传递的参数: args = (<Page url='chrome-error://chromewebdata/'>, '300297', 'http://www.cninfo.com.cn/new/index'), kwargs = {}
2024-11-04 16:11:35,103 - ERROR - Page.goto: net::ERR_PROXY_CONNECTION_FAILED at http://www.cninfo.com.cn/new/index
Call log:
navigating to "http://www.cninfo.com.cn/new/index", waiting until "load"

2024-11-04 16:11:35,544 - INFO - [-]创建浏览器实例...
2024-11-04 16:11:36,118 - INFO - [-]002709尝试打开cninfo...
2024-11-04 16:11:36,134 - ERROR - 在 open_url 没有成功执行!
2024-11-04 16:11:36,134 - ERROR - 传递的参数: args = (<Page url='about:blank'>, '002709', 'http://www.cninfo.com.cn/new/index'), kwargs = {}
2024-11-04 16:11:36,134 - ERROR - Page.goto: net::ERR_PROXY_CONNECTION_FAILED at http://www.cninfo.com.cn/new/index
Call log:
navigating to "http://www.cninfo.com.cn/new/index", waiting until "load"

2024-11-04 16:11:36,134 - INFO - [-]300297尝试打开cninfo...
2024-11-04 16:11:36,275 - ERROR - 在 open_url 没有成功执行!
2024-11-04 16:11:36,275 - ERROR - 传递的参数: args = (<Page url='chrome-error://chromewebdata/'>, '300297', 'http://www.cninfo.com.cn/new/index'), kwargs = {}
2024-11-04 16:11:36,276 - ERROR - Page.goto: net::ERR_PROXY_CONNECTION_FAILED at http://www.cninfo.com.cn/new/index
Call log:
navigating to "http://www.cninfo.com.cn/new/index", waiting until "load"

2024-11-04 16:11:36,741 - INFO - [-]创建浏览器实例...
2024-11-04 16:11:37,343 - INFO - [-]002709尝试打开cninfo...
2024-11-04 16:11:37,356 - ERROR - 在 open_url 没有成功执行!
2024-11-04 16:11:37,357 - ERROR - 传递的参数: args = (<Page url='about:blank'>, '002709', 'http://www.cninfo.com.cn/new/index'), kwargs = {}
2024-11-04 16:11:37,357 - ERROR - Page.goto: net::ERR_PROXY_CONNECTION_FAILED at http://www.cninfo.com.cn/new/index
Call log:
navigating to "http://www.cninfo.com.cn/new/index", waiting until "load"

2024-11-04 16:11:37,357 - INFO - [-]300297尝试打开cninfo...
2024-11-04 16:11:37,469 - ERROR - 在 open_url 没有成功执行!
2024-11-04 16:11:37,469 - ERROR - 传递的参数: args = (<Page url='chrome-error://chromewebdata/'>, '300297', 'http://www.cninfo.com.cn/new/index'), kwargs = {}
2024-11-04 16:11:37,469 - ERROR - Page.goto: net::ERR_PROXY_CONNECTION_FAILED at http://www.cninfo.com.cn/new/index
Call log:
navigating to "http://www.cninfo.com.cn/new/index", waiting until "load"

2024-11-04 16:11:37,913 - INFO - [-]创建浏览器实例...
2024-11-04 16:11:38,486 - INFO - [-]002709尝试打开cninfo...
2024-11-04 16:11:38,500 - ERROR - 在 open_url 没有成功执行!
2024-11-04 16:11:38,500 - ERROR - 传递的参数: args = (<Page url='about:blank'>, '002709', 'http://www.cninfo.com.cn/new/index'), kwargs = {}
2024-11-04 16:11:38,500 - ERROR - Page.goto: net::ERR_PROXY_CONNECTION_FAILED at http://www.cninfo.com.cn/new/index
Call log:
navigating to "http://www.cninfo.com.cn/new/index", waiting until "load"

2024-11-04 16:11:38,500 - INFO - [-]300297尝试打开cninfo...
2024-11-04 16:11:38,617 - ERROR - 在 open_url 没有成功执行!
2024-11-04 16:11:38,617 - ERROR - 传递的参数: args = (<Page url='chrome-error://chromewebdata/'>, '300297', 'http://www.cninfo.com.cn/new/index'), kwargs = {}
2024-11-04 16:11:38,618 - ERROR - Page.goto: net::ERR_PROXY_CONNECTION_FAILED at http://www.cninfo.com.cn/new/index
Call log:
navigating to "http://www.cninfo.com.cn/new/index", waiting until "load"

2024-11-04 16:11:39,143 - INFO - [-]创建浏览器实例...
2024-11-04 16:11:40,115 - INFO - [-]002709尝试打开cninfo...
2024-11-04 16:11:40,135 - ERROR - 在 open_url 没有成功执行!
2024-11-04 16:11:40,135 - ERROR - 传递的参数: args = (<Page url='about:blank'>, '002709', 'http://www.cninfo.com.cn/new/index'), kwargs = {}
2024-11-04 16:11:40,136 - ERROR - Page.goto: net::ERR_PROXY_CONNECTION_FAILED at http://www.cninfo.com.cn/new/index
Call log:
navigating to "http://www.cninfo.com.cn/new/index", waiting until "load"

2024-11-04 16:11:40,136 - INFO - [-]300297尝试打开cninfo...
2024-11-04 16:11:40,337 - ERROR - 在 open_url 没有成功执行!
2024-11-04 16:11:40,337 - ERROR - 传递的参数: args = (<Page url='chrome-error://chromewebdata/'>, '300297', 'http://www.cninfo.com.cn/new/index'), kwargs = {}
2024-11-04 16:11:40,337 - ERROR - Page.goto: net::ERR_PROXY_CONNECTION_FAILED at http://www.cninfo.com.cn/new/index
Call log:
navigating to "http://www.cninfo.com.cn/new/index", waiting until "load"

2024-11-04 16:11:40,836 - INFO - [-]创建浏览器实例...
2024-11-04 16:11:41,410 - INFO - [-]002709尝试打开cninfo...
2024-11-04 16:11:41,423 - ERROR - 在 open_url 没有成功执行!
2024-11-04 16:11:41,424 - ERROR - 传递的参数: args = (<Page url='about:blank'>, '002709', 'http://www.cninfo.com.cn/new/index'), kwargs = {}
2024-11-04 16:11:41,424 - ERROR - Page.goto: net::ERR_PROXY_CONNECTION_FAILED at http://www.cninfo.com.cn/new/index
Call log:
navigating to "http://www.cninfo.com.cn/new/index", waiting until "load"

2024-11-04 16:11:41,424 - INFO - [-]300297尝试打开cninfo...
2024-11-04 16:11:41,560 - ERROR - 在 open_url 没有成功执行!
2024-11-04 16:11:41,560 - ERROR - 传递的参数: args = (<Page url='chrome-error://chromewebdata/'>, '300297', 'http://www.cninfo.com.cn/new/index'), kwargs = {}
2024-11-04 16:11:41,560 - ERROR - Page.goto: net::ERR_PROXY_CONNECTION_FAILED at http://www.cninfo.com.cn/new/index
Call log:
navigating to "http://www.cninfo.com.cn/new/index", waiting until "load"

2024-11-04 16:11:42,044 - INFO - [-]创建浏览器实例...
2024-11-04 16:11:42,666 - INFO - [-]002709尝试打开cninfo...
2024-11-04 16:11:42,679 - ERROR - 在 open_url 没有成功执行!
2024-11-04 16:11:42,679 - ERROR - 传递的参数: args = (<Page url='about:blank'>, '002709', 'http://www.cninfo.com.cn/new/index'), kwargs = {}
2024-11-04 16:11:42,679 - ERROR - Page.goto: net::ERR_PROXY_CONNECTION_FAILED at http://www.cninfo.com.cn/new/index
Call log:
navigating to "http://www.cninfo.com.cn/new/index", waiting until "load"

2024-11-04 16:11:42,680 - INFO - [-]300297尝试打开cninfo...
2024-11-04 16:11:42,794 - ERROR - 在 open_url 没有成功执行!
2024-11-04 16:11:42,794 - ERROR - 传递的参数: args = (<Page url='chrome-error://chromewebdata/'>, '300297', 'http://www.cninfo.com.cn/new/index'), kwargs = {}
2024-11-04 16:11:42,795 - ERROR - Page.goto: net::ERR_PROXY_CONNECTION_FAILED at http://www.cninfo.com.cn/new/index
Call log:
navigating to "http://www.cninfo.com.cn/new/index", waiting until "load"

2024-11-04 16:11:43,242 - INFO - [-]创建浏览器实例...
2024-11-04 16:11:43,844 - INFO - [-]002709尝试打开cninfo...
2024-11-04 16:11:43,865 - ERROR - 在 open_url 没有成功执行!
2024-11-04 16:11:43,865 - ERROR - 传递的参数: args = (<Page url='about:blank'>, '002709', 'http://www.cninfo.com.cn/new/index'), kwargs = {}
2024-11-04 16:11:43,865 - ERROR - Page.goto: net::ERR_PROXY_CONNECTION_FAILED at http://www.cninfo.com.cn/new/index
Call log:
navigating to "http://www.cninfo.com.cn/new/index", waiting until "load"

2024-11-04 16:11:43,866 - INFO - [-]300297尝试打开cninfo...
2024-11-04 16:11:44,010 - ERROR - 在 open_url 没有成功执行!
2024-11-04 16:11:44,010 - ERROR - 传递的参数: args = (<Page url='chrome-error://chromewebdata/'>, '300297', 'http://www.cninfo.com.cn/new/index'), kwargs = {}
2024-11-04 16:11:44,010 - ERROR - Page.goto: net::ERR_PROXY_CONNECTION_FAILED at http://www.cninfo.com.cn/new/index
Call log:
navigating to "http://www.cninfo.com.cn/new/index", waiting until "load"

2024-11-04 16:11:44,508 - INFO - [-]创建浏览器实例...
2024-11-04 16:11:45,377 - INFO - [-]002709尝试打开cninfo...
2024-11-04 16:11:45,391 - ERROR - 在 open_url 没有成功执行!
2024-11-04 16:11:45,392 - ERROR - 传递的参数: args = (<Page url='about:blank'>, '002709', 'http://www.cninfo.com.cn/new/index'), kwargs = {}
2024-11-04 16:11:45,392 - ERROR - Page.goto: net::ERR_PROXY_CONNECTION_FAILED at http://www.cninfo.com.cn/new/index
Call log:
navigating to "http://www.cninfo.com.cn/new/index", waiting until "load"

2024-11-04 16:11:45,392 - INFO - [-]300297尝试打开cninfo...
2024-11-04 16:11:45,508 - ERROR - 在 open_url 没有成功执行!
2024-11-04 16:11:45,508 - ERROR - 传递的参数: args = (<Page url='chrome-error://chromewebdata/'>, '300297', 'http://www.cninfo.com.cn/new/index'), kwargs = {}
2024-11-04 16:11:45,508 - ERROR - Page.goto: net::ERR_PROXY_CONNECTION_FAILED at http://www.cninfo.com.cn/new/index
Call log:
navigating to "http://www.cninfo.com.cn/new/index", waiting until "load"

2024-11-04 16:11:45,967 - INFO - [-]创建浏览器实例...
2024-11-04 16:11:46,594 - INFO - [-]002709尝试打开cninfo...
2024-11-04 16:11:46,606 - ERROR - 在 open_url 没有成功执行!
2024-11-04 16:11:46,610 - ERROR - 传递的参数: args = (<Page url='about:blank'>, '002709', 'http://www.cninfo.com.cn/new/index'), kwargs = {}
2024-11-04 16:11:46,610 - ERROR - Page.goto: net::ERR_PROXY_CONNECTION_FAILED at http://www.cninfo.com.cn/new/index
Call log:
navigating to "http://www.cninfo.com.cn/new/index", waiting until "load"

2024-11-04 16:11:46,610 - INFO - [-]300297尝试打开cninfo...
2024-11-04 16:11:46,714 - ERROR - 在 open_url 没有成功执行!
2024-11-04 16:11:46,714 - ERROR - 传递的参数: args = (<Page url='chrome-error://chromewebdata/'>, '300297', 'http://www.cninfo.com.cn/new/index'), kwargs = {}
2024-11-04 16:11:46,714 - ERROR - Page.goto: net::ERR_PROXY_CONNECTION_FAILED at http://www.cninfo.com.cn/new/index
Call log:
navigating to "http://www.cninfo.com.cn/new/index", waiting until "load"

2024-11-04 16:11:47,184 - INFO - [-]创建浏览器实例...
2024-11-04 16:11:47,752 - INFO - [-]002709尝试打开cninfo...
2024-11-04 16:11:47,765 - ERROR - 在 open_url 没有成功执行!
2024-11-04 16:11:47,765 - ERROR - 传递的参数: args = (<Page url='about:blank'>, '002709', 'http://www.cninfo.com.cn/new/index'), kwargs = {}
2024-11-04 16:11:47,765 - ERROR - Page.goto: net::ERR_PROXY_CONNECTION_FAILED at http://www.cninfo.com.cn/new/index
Call log:
navigating to "http://www.cninfo.com.cn/new/index", waiting until "load"

2024-11-04 16:11:47,765 - INFO - [-]300297尝试打开cninfo...
2024-11-04 16:11:47,875 - ERROR - 在 open_url 没有成功执行!
2024-11-04 16:11:47,876 - ERROR - 传递的参数: args = (<Page url='chrome-error://chromewebdata/'>, '300297', 'http://www.cninfo.com.cn/new/index'), kwargs = {}
2024-11-04 16:11:47,876 - ERROR - Page.goto: net::ERR_PROXY_CONNECTION_FAILED at http://www.cninfo.com.cn/new/index
Call log:
navigating to "http://www.cninfo.com.cn/new/index", waiting until "load"

2024-11-04 16:11:48,316 - INFO - [-]创建浏览器实例...
2024-11-04 16:11:48,956 - INFO - [-]002709尝试打开cninfo...
2024-11-04 16:11:48,977 - ERROR - 在 open_url 没有成功执行!
2024-11-04 16:11:48,977 - ERROR - 传递的参数: args = (<Page url='about:blank'>, '002709', 'http://www.cninfo.com.cn/new/index'), kwargs = {}
2024-11-04 16:11:48,977 - ERROR - Page.goto: net::ERR_PROXY_CONNECTION_FAILED at http://www.cninfo.com.cn/new/index
Call log:
navigating to "http://www.cninfo.com.cn/new/index", waiting until "load"

2024-11-04 16:11:48,977 - INFO - [-]300297尝试打开cninfo...
2024-11-04 16:11:49,097 - ERROR - 在 open_url 没有成功执行!
2024-11-04 16:11:49,097 - ERROR - 传递的参数: args = (<Page url='chrome-error://chromewebdata/'>, '300297', 'http://www.cninfo.com.cn/new/index'), kwargs = {}
2024-11-04 16:11:49,097 - ERROR - Page.goto: net::ERR_PROXY_CONNECTION_FAILED at http://www.cninfo.com.cn/new/index
Call log:
navigating to "http://www.cninfo.com.cn/new/index", waiting until "load"

2024-11-04 16:11:49,611 - INFO - [-]创建浏览器实例...
2024-11-04 16:11:50,256 - INFO - [-]002709尝试打开cninfo...
2024-11-04 16:11:50,275 - ERROR - 在 open_url 没有成功执行!
2024-11-04 16:11:50,275 - ERROR - 传递的参数: args = (<Page url='about:blank'>, '002709', 'http://www.cninfo.com.cn/new/index'), kwargs = {}
2024-11-04 16:11:50,275 - ERROR - Page.goto: net::ERR_PROXY_CONNECTION_FAILED at http://www.cninfo.com.cn/new/index
Call log:
navigating to "http://www.cninfo.com.cn/new/index", waiting until "load"

2024-11-04 16:11:50,275 - INFO - [-]300297尝试打开cninfo...
2024-11-04 16:11:50,395 - ERROR - 在 open_url 没有成功执行!
2024-11-04 16:11:50,395 - ERROR - 传递的参数: args = (<Page url='chrome-error://chromewebdata/'>, '300297', 'http://www.cninfo.com.cn/new/index'), kwargs = {}
2024-11-04 16:11:50,395 - ERROR - Page.goto: net::ERR_PROXY_CONNECTION_FAILED at http://www.cninfo.com.cn/new/index
Call log:
navigating to "http://www.cninfo.com.cn/new/index", waiting until "load"

2024-11-04 16:11:50,856 - INFO - [-]创建浏览器实例...
2024-11-04 16:11:51,420 - INFO - [-]002709尝试打开cninfo...
2024-11-04 16:11:51,434 - ERROR - 在 open_url 没有成功执行!
2024-11-04 16:11:51,434 - ERROR - 传递的参数: args = (<Page url='about:blank'>, '002709', 'http://www.cninfo.com.cn/new/index'), kwargs = {}
2024-11-04 16:11:51,434 - ERROR - Page.goto: net::ERR_PROXY_CONNECTION_FAILED at http://www.cninfo.com.cn/new/index
Call log:
navigating to "http://www.cninfo.com.cn/new/index", waiting until "load"

2024-11-04 16:11:51,434 - INFO - [-]300297尝试打开cninfo...
2024-11-04 16:11:51,543 - ERROR - 在 open_url 没有成功执行!
2024-11-04 16:11:51,543 - ERROR - 传递的参数: args = (<Page url='chrome-error://chromewebdata/'>, '300297', 'http://www.cninfo.com.cn/new/index'), kwargs = {}
2024-11-04 16:11:51,543 - ERROR - Page.goto: net::ERR_PROXY_CONNECTION_FAILED at http://www.cninfo.com.cn/new/index
Call log:
navigating to "http://www.cninfo.com.cn/new/index", waiting until "load"

2024-11-04 16:11:51,976 - INFO - [-]创建浏览器实例...
2024-11-04 16:11:52,558 - INFO - [-]002709尝试打开cninfo...
2024-11-04 16:11:52,587 - ERROR - 在 open_url 没有成功执行!
2024-11-04 16:11:52,594 - ERROR - 传递的参数: args = (<Page url='about:blank'>, '002709', 'http://www.cninfo.com.cn/new/index'), kwargs = {}
2024-11-04 16:11:52,594 - ERROR - Page.goto: net::ERR_PROXY_CONNECTION_FAILED at http://www.cninfo.com.cn/new/index
Call log:
navigating to "http://www.cninfo.com.cn/new/index", waiting until "load"

2024-11-04 16:11:52,594 - INFO - [-]300297尝试打开cninfo...
2024-11-04 16:11:52,730 - ERROR - 在 open_url 没有成功执行!
2024-11-04 16:11:52,730 - ERROR - 传递的参数: args = (<Page url='chrome-error://chromewebdata/'>, '300297', 'http://www.cninfo.com.cn/new/index'), kwargs = {}
2024-11-04 16:11:52,730 - ERROR - Page.goto: net::ERR_PROXY_CONNECTION_FAILED at http://www.cninfo.com.cn/new/index
Call log:
navigating to "http://www.cninfo.com.cn/new/index", waiting until "load"

2024-11-04 16:11:53,162 - INFO - [-]创建浏览器实例...
2024-11-04 16:11:53,753 - INFO - [-]002709尝试打开cninfo...
2024-11-04 16:11:53,768 - ERROR - 在 open_url 没有成功执行!
2024-11-04 16:11:53,769 - ERROR - 传递的参数: args = (<Page url='about:blank'>, '002709', 'http://www.cninfo.com.cn/new/index'), kwargs = {}
2024-11-04 16:11:53,769 - ERROR - Page.goto: net::ERR_PROXY_CONNECTION_FAILED at http://www.cninfo.com.cn/new/index
Call log:
navigating to "http://www.cninfo.com.cn/new/index", waiting until "load"

2024-11-04 16:11:53,769 - INFO - [-]300297尝试打开cninfo...
2024-11-04 16:11:53,889 - ERROR - 在 open_url 没有成功执行!
2024-11-04 16:11:53,889 - ERROR - 传递的参数: args = (<Page url='chrome-error://chromewebdata/'>, '300297', 'http://www.cninfo.com.cn/new/index'), kwargs = {}
2024-11-04 16:11:53,890 - ERROR - Page.goto: net::ERR_PROXY_CONNECTION_FAILED at http://www.cninfo.com.cn/new/index
Call log:
navigating to "http://www.cninfo.com.cn/new/index", waiting until "load"

2024-11-04 16:11:54,317 - INFO - [-]创建浏览器实例...
2024-11-04 16:11:54,877 - INFO - [-]002709尝试打开cninfo...
2024-11-04 16:11:54,888 - ERROR - 在 open_url 没有成功执行!
2024-11-04 16:11:54,889 - ERROR - 传递的参数: args = (<Page url='about:blank'>, '002709', 'http://www.cninfo.com.cn/new/index'), kwargs = {}
2024-11-04 16:11:54,889 - ERROR - Page.goto: net::ERR_PROXY_CONNECTION_FAILED at http://www.cninfo.com.cn/new/index
Call log:
navigating to "http://www.cninfo.com.cn/new/index", waiting until "load"

2024-11-04 16:11:54,889 - INFO - [-]300297尝试打开cninfo...
2024-11-04 16:11:54,996 - ERROR - 在 open_url 没有成功执行!
2024-11-04 16:11:54,996 - ERROR - 传递的参数: args = (<Page url='chrome-error://chromewebdata/'>, '300297', 'http://www.cninfo.com.cn/new/index'), kwargs = {}
2024-11-04 16:11:54,997 - ERROR - Page.goto: net::ERR_PROXY_CONNECTION_FAILED at http://www.cninfo.com.cn/new/index
Call log:
navigating to "http://www.cninfo.com.cn/new/index", waiting until "load"

2024-11-04 16:11:55,428 - INFO - [-]创建浏览器实例...
2024-11-04 16:11:55,976 - INFO - [-]002709尝试打开cninfo...
2024-11-04 16:11:55,989 - ERROR - 在 open_url 没有成功执行!
2024-11-04 16:11:55,990 - ERROR - 传递的参数: args = (<Page url='about:blank'>, '002709', 'http://www.cninfo.com.cn/new/index'), kwargs = {}
2024-11-04 16:11:55,990 - ERROR - Page.goto: net::ERR_PROXY_CONNECTION_FAILED at http://www.cninfo.com.cn/new/index
Call log:
navigating to "http://www.cninfo.com.cn/new/index", waiting until "load"

2024-11-04 16:11:55,990 - INFO - [-]300297尝试打开cninfo...
2024-11-04 16:11:56,116 - ERROR - 在 open_url 没有成功执行!
2024-11-04 16:11:56,117 - ERROR - 传递的参数: args = (<Page url='chrome-error://chromewebdata/'>, '300297', 'http://www.cninfo.com.cn/new/index'), kwargs = {}
2024-11-04 16:11:56,117 - ERROR - Page.goto: net::ERR_PROXY_CONNECTION_FAILED at http://www.cninfo.com.cn/new/index
Call log:
navigating to "http://www.cninfo.com.cn/new/index", waiting until "load"

2024-11-04 16:11:56,541 - INFO - [-]创建浏览器实例...
2024-11-04 16:11:57,094 - INFO - [-]002709尝试打开cninfo...
2024-11-04 16:11:57,113 - ERROR - 在 open_url 没有成功执行!
2024-11-04 16:11:57,113 - ERROR - 传递的参数: args = (<Page url='about:blank'>, '002709', 'http://www.cninfo.com.cn/new/index'), kwargs = {}
2024-11-04 16:11:57,113 - ERROR - Page.goto: net::ERR_PROXY_CONNECTION_FAILED at http://www.cninfo.com.cn/new/index
Call log:
navigating to "http://www.cninfo.com.cn/new/index", waiting until "load"

2024-11-04 16:11:57,113 - INFO - [-]300297尝试打开cninfo...
2024-11-04 16:11:57,224 - ERROR - 在 open_url 没有成功执行!
2024-11-04 16:11:57,224 - ERROR - 传递的参数: args = (<Page url='chrome-error://chromewebdata/'>, '300297', 'http://www.cninfo.com.cn/new/index'), kwargs = {}
2024-11-04 16:11:57,225 - ERROR - Page.goto: net::ERR_PROXY_CONNECTION_FAILED at http://www.cninfo.com.cn/new/index
Call log:
navigating to "http://www.cninfo.com.cn/new/index", waiting until "load"

2024-11-04 16:11:57,665 - INFO - [-]创建浏览器实例...
2024-11-04 16:11:58,233 - INFO - [-]002709尝试打开cninfo...
2024-11-04 16:11:58,264 - ERROR - 在 open_url 没有成功执行!
2024-11-04 16:11:58,264 - ERROR - 传递的参数: args = (<Page url='about:blank'>, '002709', 'http://www.cninfo.com.cn/new/index'), kwargs = {}
2024-11-04 16:11:58,264 - ERROR - Page.goto: net::ERR_PROXY_CONNECTION_FAILED at http://www.cninfo.com.cn/new/index
Call log:
navigating to "http://www.cninfo.com.cn/new/index", waiting until "load"

2024-11-04 16:11:58,264 - INFO - [-]300297尝试打开cninfo...
2024-11-04 16:11:58,400 - ERROR - 在 open_url 没有成功执行!
2024-11-04 16:11:58,400 - ERROR - 传递的参数: args = (<Page url='chrome-error://chromewebdata/'>, '300297', 'http://www.cninfo.com.cn/new/index'), kwargs = {}
2024-11-04 16:11:58,400 - ERROR - Page.goto: net::ERR_PROXY_CONNECTION_FAILED at http://www.cninfo.com.cn/new/index
Call log:
navigating to "http://www.cninfo.com.cn/new/index", waiting until "load"

2024-11-04 16:11:58,842 - INFO - [-]创建浏览器实例...
2024-11-04 16:11:59,408 - INFO - [-]002709尝试打开cninfo...
2024-11-04 16:11:59,432 - ERROR - 在 open_url 没有成功执行!
2024-11-04 16:11:59,432 - ERROR - 传递的参数: args = (<Page url='about:blank'>, '002709', 'http://www.cninfo.com.cn/new/index'), kwargs = {}
2024-11-04 16:11:59,432 - ERROR - Page.goto: net::ERR_PROXY_CONNECTION_FAILED at http://www.cninfo.com.cn/new/index
Call log:
navigating to "http://www.cninfo.com.cn/new/index", waiting until "load"

2024-11-04 16:11:59,432 - INFO - [-]300297尝试打开cninfo...
2024-11-04 16:11:59,557 - ERROR - 在 open_url 没有成功执行!
2024-11-04 16:11:59,557 - ERROR - 传递的参数: args = (<Page url='chrome-error://chromewebdata/'>, '300297', 'http://www.cninfo.com.cn/new/index'), kwargs = {}
2024-11-04 16:11:59,557 - ERROR - Page.goto: net::ERR_PROXY_CONNECTION_FAILED at http://www.cninfo.com.cn/new/index
Call log:
navigating to "http://www.cninfo.com.cn/new/index", waiting until "load"

2024-11-04 16:11:59,991 - INFO - [-]创建浏览器实例...
2024-11-04 16:12:00,554 - INFO - [-]002709尝试打开cninfo...
2024-11-04 16:12:00,567 - ERROR - 在 open_url 没有成功执行!
2024-11-04 16:12:00,568 - ERROR - 传递的参数: args = (<Page url='about:blank'>, '002709', 'http://www.cninfo.com.cn/new/index'), kwargs = {}
2024-11-04 16:12:00,568 - ERROR - Page.goto: net::ERR_PROXY_CONNECTION_FAILED at http://www.cninfo.com.cn/new/index
Call log:
navigating to "http://www.cninfo.com.cn/new/index", waiting until "load"

2024-11-04 16:12:00,568 - INFO - [-]300297尝试打开cninfo...
2024-11-04 16:12:00,682 - ERROR - 在 open_url 没有成功执行!
2024-11-04 16:12:00,682 - ERROR - 传递的参数: args = (<Page url='chrome-error://chromewebdata/'>, '300297', 'http://www.cninfo.com.cn/new/index'), kwargs = {}
2024-11-04 16:12:00,683 - ERROR - Page.goto: net::ERR_PROXY_CONNECTION_FAILED at http://www.cninfo.com.cn/new/index
Call log:
navigating to "http://www.cninfo.com.cn/new/index", waiting until "load"

2024-11-04 16:12:01,187 - INFO - [-]创建浏览器实例...
2024-11-04 16:12:01,779 - INFO - [-]002709尝试打开cninfo...
2024-11-04 16:12:01,793 - ERROR - 在 open_url 没有成功执行!
2024-11-04 16:12:01,793 - ERROR - 传递的参数: args = (<Page url='about:blank'>, '002709', 'http://www.cninfo.com.cn/new/index'), kwargs = {}
2024-11-04 16:12:01,794 - ERROR - Page.goto: net::ERR_PROXY_CONNECTION_FAILED at http://www.cninfo.com.cn/new/index
Call log:
navigating to "http://www.cninfo.com.cn/new/index", waiting until "load"

2024-11-04 16:12:01,794 - INFO - [-]300297尝试打开cninfo...
2024-11-04 16:12:01,913 - ERROR - 在 open_url 没有成功执行!
2024-11-04 16:12:01,914 - ERROR - 传递的参数: args = (<Page url='chrome-error://chromewebdata/'>, '300297', 'http://www.cninfo.com.cn/new/index'), kwargs = {}
2024-11-04 16:12:01,914 - ERROR - Page.goto: net::ERR_PROXY_CONNECTION_FAILED at http://www.cninfo.com.cn/new/index
Call log:
navigating to "http://www.cninfo.com.cn/new/index", waiting until "load"

2024-11-04 16:12:02,358 - INFO - [-]创建浏览器实例...
2024-11-04 16:12:02,926 - INFO - [-]002709尝试打开cninfo...
2024-11-04 16:12:02,939 - ERROR - 在 open_url 没有成功执行!
2024-11-04 16:12:02,939 - ERROR - 传递的参数: args = (<Page url='about:blank'>, '002709', 'http://www.cninfo.com.cn/new/index'), kwargs = {}
2024-11-04 16:12:02,939 - ERROR - Page.goto: net::ERR_PROXY_CONNECTION_FAILED at http://www.cninfo.com.cn/new/index
Call log:
navigating to "http://www.cninfo.com.cn/new/index", waiting until "load"

2024-11-04 16:12:02,940 - INFO - [-]300297尝试打开cninfo...
2024-11-04 16:12:03,057 - ERROR - 在 open_url 没有成功执行!
2024-11-04 16:12:03,057 - ERROR - 传递的参数: args = (<Page url='chrome-error://chromewebdata/'>, '300297', 'http://www.cninfo.com.cn/new/index'), kwargs = {}
2024-11-04 16:12:03,058 - ERROR - Page.goto: net::ERR_PROXY_CONNECTION_FAILED at http://www.cninfo.com.cn/new/index
Call log:
navigating to "http://www.cninfo.com.cn/new/index", waiting until "load"

2024-11-04 16:12:03,506 - INFO - [-]创建浏览器实例...
2024-11-04 16:12:04,071 - INFO - [-]002709尝试打开cninfo...
2024-11-04 16:12:04,084 - ERROR - 在 open_url 没有成功执行!
2024-11-04 16:12:04,085 - ERROR - 传递的参数: args = (<Page url='about:blank'>, '002709', 'http://www.cninfo.com.cn/new/index'), kwargs = {}
2024-11-04 16:12:04,085 - ERROR - Page.goto: net::ERR_PROXY_CONNECTION_FAILED at http://www.cninfo.com.cn/new/index
Call log:
navigating to "http://www.cninfo.com.cn/new/index", waiting until "load"

2024-11-04 16:12:04,085 - INFO - [-]300297尝试打开cninfo...
2024-11-04 16:12:04,209 - ERROR - 在 open_url 没有成功执行!
2024-11-04 16:12:04,210 - ERROR - 传递的参数: args = (<Page url='chrome-error://chromewebdata/'>, '300297', 'http://www.cninfo.com.cn/new/index'), kwargs = {}
2024-11-04 16:12:04,210 - ERROR - Page.goto: net::ERR_PROXY_CONNECTION_FAILED at http://www.cninfo.com.cn/new/index
Call log:
navigating to "http://www.cninfo.com.cn/new/index", waiting until "load"

2024-11-04 16:12:04,696 - INFO - [-]创建浏览器实例...
2024-11-04 16:12:05,321 - INFO - [-]002709尝试打开cninfo...
2024-11-04 16:12:05,343 - ERROR - 在 open_url 没有成功执行!
2024-11-04 16:12:05,343 - ERROR - 传递的参数: args = (<Page url='about:blank'>, '002709', 'http://www.cninfo.com.cn/new/index'), kwargs = {}
2024-11-04 16:12:05,344 - ERROR - Page.goto: net::ERR_PROXY_CONNECTION_FAILED at http://www.cninfo.com.cn/new/index
Call log:
navigating to "http://www.cninfo.com.cn/new/index", waiting until "load"

2024-11-04 16:12:05,344 - INFO - [-]300297尝试打开cninfo...
2024-11-04 16:12:05,455 - ERROR - 在 open_url 没有成功执行!
2024-11-04 16:12:05,455 - ERROR - 传递的参数: args = (<Page url='chrome-error://chromewebdata/'>, '300297', 'http://www.cninfo.com.cn/new/index'), kwargs = {}
2024-11-04 16:12:05,455 - ERROR - Page.goto: net::ERR_PROXY_CONNECTION_FAILED at http://www.cninfo.com.cn/new/index
Call log:
navigating to "http://www.cninfo.com.cn/new/index", waiting until "load"

2024-11-04 16:12:06,043 - INFO - [-]创建浏览器实例...
2024-11-04 16:12:06,808 - INFO - [-]002709尝试打开cninfo...
2024-11-04 16:12:56,717 - INFO - [-]尝试读取客户信息...
2024-11-04 16:12:56,718 - SUCCESS - [+]成功读取客户信息！
2024-11-04 16:12:57,695 - INFO - [-]创建浏览器实例...
2024-11-04 16:12:57,708 - INFO - [-]创建浏览器实例...
2024-11-04 16:12:59,410 - INFO - [-]002709尝试打开cninfo...
2024-11-04 16:12:59,416 - INFO - [-]sz002709尝试打开sina...
2024-11-04 16:13:01,397 - SUCCESS - [+]sz002709成功打开sina！
2024-11-04 16:13:01,398 - INFO - [-]跳转查询页面...
2024-11-04 16:13:01,493 - SUCCESS - [+]在sina，sz002709查询到"天赐材料涨0.00%，成交额7.47亿元，后市是否有机会？"!
2024-11-04 16:13:01,503 - INFO - [-]sz300297尝试打开sina...
2024-11-04 16:13:02,096 - SUCCESS - [+]sz300297成功打开sina！
2024-11-04 16:13:02,097 - INFO - [-]跳转查询页面...
2024-11-04 16:13:02,759 - SUCCESS - [+]002709成功打开cninfo！
2024-11-04 16:13:02,760 - INFO - [-]选择日期和输入代码...
2024-11-04 16:13:04,193 - INFO - [-]跳转查询页面...
2024-11-04 16:13:05,267 - INFO - [+]002709暂无新公告!
2024-11-04 16:13:05,276 - INFO - [-]300297尝试打开cninfo...
2024-11-04 16:13:05,801 - SUCCESS - [+]300297成功打开cninfo！
2024-11-04 16:13:05,802 - INFO - [-]选择日期和输入代码...
2024-11-04 16:13:07,226 - INFO - [-]跳转查询页面...
2024-11-04 16:13:08,245 - INFO - [+]300297暂无新公告!
2024-11-04 16:13:08,369 - INFO - [-]尝试写入更新的公告...
2024-11-04 16:13:08,395 - INFO - [-]尝试写入更新的公告...
2024-11-04 16:13:08,395 - SUCCESS - [+]公告成功写入！
2024-11-04 16:13:08,413 - INFO - Document saved to /Users/apple/scripts/python/stock/docs/2024-11-04.docx
2024-11-04 16:13:08,414 - INFO - [-]尝试改变字体...
2024-11-04 16:13:08,417 - SUCCESS - [+]成功改变字体！
2024-11-04 16:17:21,045 - INFO - [-]尝试读取客户信息...
2024-11-04 16:17:21,051 - SUCCESS - [+]成功读取客户信息！
2024-11-04 16:17:21,997 - INFO - [-]创建浏览器实例...
2024-11-04 16:17:22,012 - INFO - [-]创建浏览器实例...
2024-11-04 16:17:23,989 - INFO - [-]sz002709尝试打开sina...
2024-11-04 16:17:25,707 - INFO - [-]002709尝试打开cninfo...
2024-11-04 16:17:26,035 - SUCCESS - [+]sz002709成功打开sina！
2024-11-04 16:17:26,035 - INFO - [-]跳转查询页面...
2024-11-04 16:17:26,160 - SUCCESS - [+]在sina，sz002709查询到"天赐材料涨0.00%，成交额7.47亿元，后市是否有机会？"!
2024-11-04 16:17:26,174 - INFO - [-]sz300297尝试打开sina...
2024-11-04 16:17:26,927 - SUCCESS - [+]sz300297成功打开sina！
2024-11-04 16:17:26,928 - INFO - [-]跳转查询页面...
2024-11-04 16:17:29,314 - SUCCESS - [+]002709成功打开cninfo！
2024-11-04 16:17:29,315 - INFO - [-]选择日期和输入代码...
2024-11-04 16:17:31,264 - INFO - [-]跳转查询页面...
2024-11-04 16:17:32,398 - INFO - [+]002709暂无新公告!
2024-11-04 16:18:40,680 - INFO - [-]尝试读取客户信息...
2024-11-04 16:18:40,683 - SUCCESS - [+]成功读取客户信息！
2024-11-04 16:18:41,548 - INFO - [-]创建浏览器实例...
2024-11-04 16:18:41,561 - INFO - [-]创建浏览器实例...
2024-11-04 16:18:43,385 - INFO - [-]sz002709尝试打开sina...
2024-11-04 16:18:44,762 - INFO - [-]002709尝试打开cninfo...
2024-11-04 16:18:44,944 - SUCCESS - [+]sz002709成功打开sina！
2024-11-04 16:18:44,944 - INFO - [-]跳转查询页面...
2024-11-04 16:18:45,003 - INFO - [-]sz300297尝试打开sina...
2024-11-04 16:18:45,567 - SUCCESS - [+]sz300297成功打开sina！
2024-11-04 16:18:45,568 - INFO - [-]跳转查询页面...
2024-11-04 16:18:47,371 - SUCCESS - [+]002709成功打开cninfo！
2024-11-04 16:18:47,371 - INFO - [-]选择日期和输入代码...
2024-11-04 16:18:49,021 - INFO - [-]跳转查询页面...
2024-11-04 16:18:50,077 - SUCCESS - [+]在cninfo 002709查询到监事会决议公告!
2024-11-04 16:18:50,096 - SUCCESS - [+]在cninfo 002709查询到2024年三季度报告!
2024-11-04 16:18:50,112 - SUCCESS - [+]在cninfo 002709查询到董事会决议公告!
2024-11-04 16:21:30,096 - INFO - [-]尝试读取客户信息...
2024-11-04 16:21:30,098 - SUCCESS - [+]成功读取客户信息！
2024-11-04 16:21:31,080 - INFO - [-]创建浏览器实例...
2024-11-04 16:21:31,097 - INFO - [-]创建浏览器实例...
2024-11-04 16:21:32,821 - INFO - [-]sz002709尝试打开sina...
2024-11-04 16:21:34,298 - SUCCESS - [+]sz002709成功打开sina！
2024-11-04 16:21:34,298 - INFO - [-]跳转查询页面...
2024-11-04 16:21:34,304 - INFO - [-]002709尝试打开cninfo...
2024-11-04 16:21:34,360 - INFO - [-]sz300297尝试打开sina...
2024-11-04 16:21:34,790 - SUCCESS - [+]sz300297成功打开sina！
2024-11-04 16:21:34,790 - INFO - [-]跳转查询页面...
2024-11-04 16:21:37,153 - SUCCESS - [+]002709成功打开cninfo！
2024-11-04 16:21:37,153 - INFO - [-]选择日期和输入代码...
2024-11-04 16:21:38,980 - INFO - [-]跳转查询页面...
2024-11-04 16:21:40,190 - SUCCESS - [+]在cninfo 002709查询到监事会决议公告!
2024-11-04 16:21:40,208 - SUCCESS - [+]在cninfo 002709查询到2024年三季度报告!
2024-11-04 16:21:40,225 - SUCCESS - [+]在cninfo 002709查询到董事会决议公告!
2024-11-04 16:24:15,440 - INFO - [-]尝试读取客户信息...
2024-11-04 16:24:15,442 - SUCCESS - [+]成功读取客户信息！
2024-11-04 16:24:16,277 - INFO - [-]创建浏览器实例...
2024-11-04 16:24:16,288 - INFO - [-]创建浏览器实例...
2024-11-04 16:24:18,007 - INFO - [-]sz002709尝试打开sina...
2024-11-04 16:24:19,266 - INFO - [-]002709尝试打开cninfo...
2024-11-04 16:24:19,806 - SUCCESS - [+]sz002709成功打开sina！
2024-11-04 16:24:19,806 - INFO - [-]跳转查询页面...
2024-11-04 16:24:19,865 - INFO - [-]sz300297尝试打开sina...
2024-11-04 16:24:20,438 - SUCCESS - [+]sz300297成功打开sina！
2024-11-04 16:24:20,438 - INFO - [-]跳转查询页面...
2024-11-04 16:24:21,953 - SUCCESS - [+]002709成功打开cninfo！
2024-11-04 16:24:21,954 - INFO - [-]选择日期和输入代码...
2024-11-04 16:24:23,604 - INFO - [-]跳转查询页面...
2024-11-04 16:24:24,721 - SUCCESS - [+]在cninfo 002709查询到监事会决议公告!
2024-11-04 16:24:24,738 - SUCCESS - [+]在cninfo 002709查询到2024年三季度报告!
2024-11-04 16:24:24,754 - SUCCESS - [+]在cninfo 002709查询到董事会决议公告!
2024-11-04 16:24:24,769 - SUCCESS - [+]在cninfo 002709查询到关于为子公司提供担保的公告!
2024-11-04 16:54:54,584 - INFO - [-]尝试读取客户信息...
2024-11-04 16:54:54,587 - SUCCESS - [+]成功读取客户信息！
2024-11-04 16:54:55,505 - INFO - [-]创建浏览器实例...
2024-11-04 16:54:55,517 - INFO - [-]创建浏览器实例...
2024-11-04 16:54:57,543 - INFO - [-]sz002709尝试打开sina...
2024-11-04 16:54:58,913 - INFO - [-]002709尝试打开cninfo...
2024-11-04 16:55:04,235 - SUCCESS - [+]sz002709成功打开sina！
2024-11-04 16:55:04,236 - INFO - [-]跳转查询页面...
2024-11-04 16:55:04,318 - INFO - [-]sz300297尝试打开sina...
2024-11-04 16:55:06,245 - SUCCESS - [+]sz300297成功打开sina！
2024-11-04 16:55:06,245 - INFO - [-]跳转查询页面...
2024-11-04 16:55:08,022 - SUCCESS - [+]002709成功打开cninfo！
2024-11-04 16:55:08,022 - INFO - [-]选择日期和输入代码...
2024-11-04 16:55:10,156 - INFO - [-]跳转查询页面...
2024-11-04 16:55:10,711 - INFO - [+]002709暂无新公告!
2024-11-04 16:56:12,545 - INFO - [-]300297尝试打开cninfo...
2024-11-04 16:56:12,554 - ERROR - 在 open_url 没有成功执行!
2024-11-04 16:56:12,555 - ERROR - 传递的参数: args = (<Page url='http://www.cninfo.com.cn/new/commonUrl/pageOfSearch?url=disclosure/list/search&lastPage=index'>, '300297', 'http://www.cninfo.com.cn/new/index'), kwargs = {}
2024-11-04 16:56:12,556 - ERROR - Page.goto: Target page, context or browser has been closed
2024-11-04 16:56:13,497 - INFO - [-]创建浏览器实例...
2024-11-04 16:56:15,766 - INFO - [-]300297尝试打开cninfo...
2024-11-04 16:56:18,235 - SUCCESS - [+]300297成功打开cninfo！
2024-11-04 16:56:18,236 - INFO - [-]选择日期和输入代码...
2024-11-04 16:56:19,771 - INFO - [-]跳转查询页面...
2024-11-04 16:56:20,949 - INFO - [+]300297暂无新公告!
2024-11-04 16:57:18,048 - INFO - [-]尝试读取客户信息...
2024-11-04 16:57:18,050 - SUCCESS - [+]成功读取客户信息！
2024-11-04 16:57:19,006 - INFO - [-]创建浏览器实例...
2024-11-04 16:57:19,019 - INFO - [-]创建浏览器实例...
2024-11-04 16:57:20,736 - INFO - [-]sz002709尝试打开sina...
2024-11-04 16:57:21,895 - INFO - [-]002709尝试打开cninfo...
2024-11-04 16:57:23,055 - SUCCESS - [+]sz002709成功打开sina！
2024-11-04 16:57:23,055 - INFO - [-]跳转查询页面...
2024-11-04 16:57:23,120 - INFO - [-]sz300297尝试打开sina...
2024-11-04 16:57:23,583 - SUCCESS - [+]sz300297成功打开sina！
2024-11-04 16:57:23,583 - INFO - [-]跳转查询页面...
2024-11-04 16:57:24,819 - SUCCESS - [+]002709成功打开cninfo！
2024-11-04 16:57:24,819 - INFO - [-]选择日期和输入代码...
2024-11-04 16:57:26,443 - INFO - [-]跳转查询页面...
2024-11-04 16:57:57,485 - ERROR - 002709在返回cninfo结果时没有成功执行!
2024-11-04 16:57:57,486 - ERROR - Locator.text_content: Timeout 30000ms exceeded.
Call log:
waiting for locator("span.ahover.ell a").first.locator("td.el-table_1_column_4 .cell .date")

2024-11-04 16:57:57,486 - INFO - [-]300297尝试打开cninfo...
2024-11-04 16:57:58,455 - SUCCESS - [+]300297成功打开cninfo！
2024-11-04 16:57:58,455 - INFO - [-]选择日期和输入代码...
2024-11-04 16:57:59,940 - INFO - [-]跳转查询页面...
2024-11-04 16:58:00,935 - INFO - [+]300297暂无新公告!
2024-11-04 16:59:11,505 - INFO - [-]尝试读取客户信息...
2024-11-04 16:59:11,507 - SUCCESS - [+]成功读取客户信息！
2024-11-04 16:59:12,348 - INFO - [-]创建浏览器实例...
2024-11-04 16:59:12,358 - INFO - [-]创建浏览器实例...
2024-11-04 16:59:14,528 - INFO - [-]sz002709尝试打开sina...
2024-11-04 16:59:15,689 - INFO - [-]002709尝试打开cninfo...
2024-11-04 16:59:16,559 - SUCCESS - [+]sz002709成功打开sina！
2024-11-04 16:59:16,559 - INFO - [-]跳转查询页面...
2024-11-04 16:59:16,620 - INFO - [-]sz300297尝试打开sina...
2024-11-04 16:59:17,070 - SUCCESS - [+]sz300297成功打开sina！
2024-11-04 16:59:17,070 - INFO - [-]跳转查询页面...
2024-11-04 16:59:18,528 - SUCCESS - [+]002709成功打开cninfo！
2024-11-04 16:59:18,529 - INFO - [-]选择日期和输入代码...
2024-11-04 16:59:20,245 - INFO - [-]跳转查询页面...
2024-11-04 16:59:51,260 - ERROR - 002709在返回cninfo结果时没有成功执行!
2024-11-04 16:59:51,261 - ERROR - Locator.text_content: Timeout 30000ms exceeded.
Call log:
waiting for locator("span.ahover.ell a").first.locator("td.el-table_1_column_4 .cell .date")

2024-11-04 16:59:51,262 - INFO - [-]300297尝试打开cninfo...
2024-11-04 16:59:51,900 - SUCCESS - [+]300297成功打开cninfo！
2024-11-04 16:59:51,900 - INFO - [-]选择日期和输入代码...
2024-11-04 16:59:53,445 - INFO - [-]跳转查询页面...
2024-11-04 16:59:54,401 - INFO - [+]300297暂无新公告!
2024-11-04 17:09:10,849 - INFO - [-]尝试读取客户信息...
2024-11-04 17:09:10,858 - SUCCESS - [+]成功读取客户信息！
2024-11-04 17:09:11,827 - INFO - [-]创建浏览器实例...
2024-11-04 17:09:11,839 - INFO - [-]创建浏览器实例...
2024-11-04 17:09:13,616 - INFO - [-]sz002709尝试打开sina...
2024-11-04 17:09:15,353 - INFO - [-]002709尝试打开cninfo...
2024-11-04 17:09:21,348 - SUCCESS - [+]sz002709成功打开sina！
2024-11-04 17:09:21,348 - INFO - [-]跳转查询页面...
2024-11-04 17:09:21,419 - INFO - [-]sz300297尝试打开sina...
2024-11-04 17:09:22,923 - SUCCESS - [+]sz300297成功打开sina！
2024-11-04 17:09:22,923 - INFO - [-]跳转查询页面...
2024-11-04 17:09:24,853 - SUCCESS - [+]002709成功打开cninfo！
2024-11-04 17:09:24,853 - INFO - [-]选择日期和输入代码...
2024-11-04 17:09:30,154 - ERROR - 在 search_announce 没有成功执行!
2024-11-04 17:09:30,155 - ERROR - 传递的参数: args = (<Page url='http://www.cninfo.com.cn/new/index'>, '002709', '2024-10-10', '2024-11-05'), kwargs = {}
2024-11-04 17:09:30,155 - ERROR - Locator.click: Timeout 5000ms exceeded.
Call log:
waiting for get_by_title("002709")

2024-11-04 17:09:30,155 - INFO - [-]300297尝试打开cninfo...
2024-11-04 17:09:36,259 - SUCCESS - [+]300297成功打开cninfo！
2024-11-04 17:09:36,259 - INFO - [-]选择日期和输入代码...
2024-11-04 17:09:38,166 - INFO - [-]跳转查询页面...
2024-11-04 17:09:40,650 - INFO - [+]300297暂无新公告!
2024-11-04 17:09:45,917 - INFO - [-]创建浏览器实例...
2024-11-04 17:09:47,659 - INFO - [-]002709尝试打开cninfo...
2024-11-04 17:09:53,335 - SUCCESS - [+]002709成功打开cninfo！
2024-11-04 17:09:53,335 - INFO - [-]选择日期和输入代码...
2024-11-04 17:09:55,099 - INFO - [-]跳转查询页面...
2024-11-04 17:09:57,692 - INFO - [+]002709暂无新公告!
2024-11-04 17:10:00,377 - INFO - [-]尝试写入更新的公告...
2024-11-04 17:10:00,405 - INFO - [-]尝试写入更新的公告...
2024-11-04 17:10:00,405 - SUCCESS - [+]公告成功写入！
2024-11-04 17:10:00,423 - INFO - Document saved to /Users/apple/scripts/python/stock/docs/2024-11-04.docx
2024-11-04 17:10:00,424 - INFO - [-]尝试改变字体...
2024-11-04 17:10:00,427 - SUCCESS - [+]成功改变字体！
2024-11-04 17:10:38,052 - INFO - [-]尝试读取客户信息...
2024-11-04 17:10:38,055 - SUCCESS - [+]成功读取客户信息！
2024-11-04 17:10:39,010 - INFO - [-]创建浏览器实例...
2024-11-04 17:10:39,023 - INFO - [-]创建浏览器实例...
2024-11-04 17:10:40,804 - INFO - [-]sz002709尝试打开sina...
2024-11-04 17:10:42,154 - INFO - [-]002709尝试打开cninfo...
2024-11-04 17:10:49,172 - SUCCESS - [+]sz002709成功打开sina！
2024-11-04 17:10:49,173 - INFO - [-]跳转查询页面...
2024-11-04 17:10:49,251 - INFO - [-]sz300297尝试打开sina...
2024-11-04 17:10:49,963 - SUCCESS - [+]sz300297成功打开sina！
2024-11-04 17:10:49,963 - INFO - [-]跳转查询页面...
2024-11-04 17:10:51,044 - SUCCESS - [+]002709成功打开cninfo！
2024-11-04 17:10:51,044 - INFO - [-]选择日期和输入代码...
2024-11-04 17:10:53,147 - INFO - [-]跳转查询页面...
2024-11-04 17:10:55,914 - SUCCESS - [+]在cninfo 002709查询到监事会决议公告!
2024-11-04 17:10:55,931 - SUCCESS - [+]在cninfo 002709查询到2024年三季度报告!
2024-11-04 17:10:55,946 - SUCCESS - [+]在cninfo 002709查询到董事会决议公告!
2024-11-04 17:10:55,962 - SUCCESS - [+]在cninfo 002709查询到关于为子公司提供担保的公告!
2024-11-04 17:12:46,709 - INFO - [-]尝试读取客户信息...
2024-11-04 17:12:46,712 - SUCCESS - [+]成功读取客户信息！
2024-11-04 17:12:47,589 - INFO - [-]创建浏览器实例...
2024-11-04 17:12:47,604 - INFO - [-]创建浏览器实例...
2024-11-04 17:12:49,210 - INFO - [-]002709尝试打开cninfo...
2024-11-04 17:12:49,216 - INFO - [-]sz002709尝试打开sina...
2024-11-04 17:12:56,951 - SUCCESS - [+]sz002709成功打开sina！
2024-11-04 17:12:56,952 - INFO - [-]跳转查询页面...
2024-11-04 17:12:57,016 - INFO - [-]sz300297尝试打开sina...
2024-11-04 17:12:57,072 - SUCCESS - [+]002709成功打开cninfo！
2024-11-04 17:12:57,073 - INFO - [-]选择日期和输入代码...
2024-11-04 17:12:59,064 - SUCCESS - [+]sz300297成功打开sina！
2024-11-04 17:12:59,064 - INFO - [-]跳转查询页面...
2024-11-04 17:12:59,119 - INFO - [-]跳转查询页面...
2024-11-04 17:13:02,260 - SUCCESS - [+]在cninfo 002709查询到监事会决议公告!
2024-11-04 17:13:02,277 - SUCCESS - [+]在cninfo 002709查询到2024年三季度报告!
2024-11-04 17:13:02,294 - SUCCESS - [+]在cninfo 002709查询到董事会决议公告!
2024-11-04 17:13:02,309 - SUCCESS - [+]在cninfo 002709查询到关于为子公司提供担保的公告!
2024-11-04 17:13:02,317 - INFO - [-]300297尝试打开cninfo...
2024-11-04 17:13:05,897 - SUCCESS - [+]300297成功打开cninfo！
2024-11-04 17:13:05,897 - INFO - [-]选择日期和输入代码...
2024-11-04 17:13:07,515 - INFO - [-]跳转查询页面...
2024-11-04 17:13:12,789 - INFO - [+]300297暂无新公告!
2024-11-04 17:13:12,908 - INFO - [-]尝试写入更新的公告...
2024-11-04 17:13:12,934 - INFO - [-]尝试写入更新的公告...
2024-11-04 17:13:12,934 - SUCCESS - [+]公告成功写入！
2024-11-04 17:13:12,949 - INFO - Document saved to /Users/apple/scripts/python/stock/docs/2024-11-04.docx
2024-11-04 17:13:12,950 - INFO - [-]尝试改变字体...
2024-11-04 17:13:12,953 - SUCCESS - [+]成功改变字体！
2024-11-04 17:20:32,760 - INFO - [-]尝试读取客户信息...
2024-11-04 17:20:32,764 - SUCCESS - [+]成功读取客户信息！
2024-11-04 17:20:33,732 - INFO - [-]创建浏览器实例...
2024-11-04 17:20:33,745 - INFO - [-]创建浏览器实例...
2024-11-04 17:20:35,653 - INFO - [-]002709尝试打开cninfo...
2024-11-04 17:20:37,104 - INFO - [-]sz002709尝试打开sina...
2024-11-04 17:20:46,399 - SUCCESS - [+]sz002709成功打开sina！
2024-11-04 17:20:46,399 - INFO - [-]跳转查询页面...
2024-11-04 17:20:46,811 - SUCCESS - [+]002709成功打开cninfo！
2024-11-04 17:20:46,811 - INFO - [-]选择日期和输入代码...
2024-11-04 17:20:48,800 - INFO - [-]跳转查询页面...
2024-11-04 17:20:51,759 - SUCCESS - [+]在cninfo 002709查询到监事会决议公告!
2024-11-04 17:20:51,801 - SUCCESS - [+]在cninfo 002709查询到2024年三季度报告!
2024-11-04 17:20:51,826 - SUCCESS - [+]在cninfo 002709查询到董事会决议公告!
2024-11-04 17:20:51,862 - SUCCESS - [+]在cninfo 002709查询到关于为子公司提供担保的公告!
2024-11-04 17:20:51,874 - INFO - [-]300297尝试打开cninfo...
2024-11-04 17:20:55,352 - SUCCESS - [+]300297成功打开cninfo！
2024-11-04 17:20:55,353 - INFO - [-]选择日期和输入代码...
2024-11-04 17:20:56,961 - INFO - [-]跳转查询页面...
2024-11-04 17:20:59,443 - INFO - [+]300297暂无新公告!
2024-11-04 17:21:50,756 - INFO - [-]sz300297尝试打开sina...
2024-11-04 17:21:54,291 - SUCCESS - [+]sz300297成功打开sina！
2024-11-04 17:21:54,291 - INFO - [-]跳转查询页面...
2024-11-04 17:26:40,258 - INFO - [-]尝试写入更新的公告...
2024-11-04 17:26:40,303 - INFO - [-]尝试写入更新的公告...
2024-11-04 17:26:40,303 - SUCCESS - [+]公告成功写入！
2024-11-04 17:26:40,326 - INFO - Document saved to /Users/apple/scripts/python/stock/docs/2024-11-04.docx
2024-11-04 17:26:40,327 - INFO - [-]尝试改变字体...
2024-11-04 17:26:40,333 - SUCCESS - [+]成功改变字体！
2024-11-04 17:30:48,914 - INFO - [-]尝试读取客户信息...
2024-11-04 17:30:48,915 - SUCCESS - [+]成功读取客户信息！
2024-11-04 17:30:49,720 - INFO - [-]创建浏览器实例...
2024-11-04 17:30:49,731 - INFO - [-]创建浏览器实例...
2024-11-04 17:30:51,390 - INFO - [-]002709尝试打开cninfo...
2024-11-04 17:30:52,480 - INFO - [-]sz002709尝试打开sina...
2024-11-04 17:30:59,742 - SUCCESS - [+]sz002709成功打开sina！
2024-11-04 17:30:59,743 - INFO - [-]跳转查询页面...
2024-11-04 17:31:00,450 - SUCCESS - [+]002709成功打开cninfo！
2024-11-04 17:31:00,450 - INFO - [-]选择日期和输入代码...
2024-11-04 17:31:03,067 - INFO - [-]跳转查询页面...
2024-11-04 17:31:08,394 - SUCCESS - [+]在cninfo 002709查询到监事会决议公告!
2024-11-04 17:31:08,418 - SUCCESS - [+]在cninfo 002709查询到2024年三季度报告!
2024-11-04 17:31:08,440 - SUCCESS - [+]在cninfo 002709查询到董事会决议公告!
2024-11-04 17:31:08,458 - SUCCESS - [+]在cninfo 002709查询到关于为子公司提供担保的公告!
2024-11-04 17:31:08,469 - INFO - [-]300297尝试打开cninfo...
2024-11-04 17:31:12,846 - SUCCESS - [+]300297成功打开cninfo！
2024-11-04 17:31:12,846 - INFO - [-]选择日期和输入代码...
2024-11-04 17:31:13,952 - INFO - [-]sz300297尝试打开sina...
2024-11-04 17:31:15,904 - SUCCESS - [+]sz300297成功打开sina！
2024-11-04 17:31:15,904 - INFO - [-]跳转查询页面...
2024-11-04 17:31:16,120 - INFO - [-]跳转查询页面...
2024-11-04 17:31:18,644 - INFO - [+]300297暂无新公告!
2024-11-04 17:31:19,517 - INFO - [-]尝试写入更新的公告...
2024-11-04 17:31:19,540 - INFO - [-]尝试写入更新的公告...
2024-11-04 17:31:19,540 - SUCCESS - [+]公告成功写入！
2024-11-04 17:31:19,557 - INFO - Document saved to /Users/apple/scripts/python/stock/docs/2024-11-04.docx
2024-11-04 17:31:19,558 - INFO - [-]尝试改变字体...
2024-11-04 17:31:19,561 - SUCCESS - [+]成功改变字体！
2024-11-04 17:32:26,453 - INFO - [-]尝试读取客户信息...
2024-11-04 17:32:26,455 - SUCCESS - [+]成功读取客户信息！
2024-11-04 17:32:27,465 - INFO - [-]创建浏览器实例...
2024-11-04 17:32:27,477 - INFO - [-]创建浏览器实例...
2024-11-04 17:32:29,303 - INFO - [-]002709尝试打开cninfo...
2024-11-04 17:32:30,611 - INFO - [-]sz002709尝试打开sina...
2024-11-04 17:32:38,641 - SUCCESS - [+]sz002709成功打开sina！
2024-11-04 17:32:38,644 - INFO - [-]跳转查询页面...
2024-11-04 17:32:41,357 - SUCCESS - [+]002709成功打开cninfo！
2024-11-04 17:32:41,360 - INFO - [-]选择日期和输入代码...
2024-11-04 17:32:43,993 - INFO - [-]跳转查询页面...
2024-11-04 17:32:47,229 - SUCCESS - [+]在cninfo 002709查询到监事会决议公告!
2024-11-04 17:32:47,268 - SUCCESS - [+]在cninfo 002709查询到2024年三季度报告!
2024-11-04 17:32:47,289 - SUCCESS - [+]在cninfo 002709查询到董事会决议公告!
2024-11-04 17:32:47,311 - SUCCESS - [+]在cninfo 002709查询到关于为子公司提供担保的公告!
2024-11-04 17:32:47,329 - INFO - [-]300297尝试打开cninfo...
2024-11-04 17:32:51,223 - SUCCESS - [+]300297成功打开cninfo！
2024-11-04 17:32:51,228 - INFO - [-]选择日期和输入代码...
2024-11-04 17:32:53,532 - INFO - [-]跳转查询页面...
2024-11-04 17:32:56,060 - INFO - [+]300297暂无新公告!
2024-11-04 17:34:04,536 - INFO - [-]尝试读取客户信息...
2024-11-04 17:34:04,538 - SUCCESS - [+]成功读取客户信息！
2024-11-04 17:34:05,422 - INFO - [-]创建浏览器实例...
2024-11-04 17:34:05,434 - INFO - [-]创建浏览器实例...
2024-11-04 17:34:07,091 - INFO - [-]002709尝试打开cninfo...
2024-11-04 17:34:08,310 - INFO - [-]sz002709尝试打开sina...
2024-11-04 17:34:15,875 - SUCCESS - [+]sz002709成功打开sina！
2024-11-04 17:34:15,879 - INFO - [-]跳转查询页面...
2024-11-04 17:34:16,013 - SUCCESS - [+]在sina，sz002709查询到"天赐材料涨0.00%，成交额7.47亿元，后市是否有机会？"!
2024-11-04 17:34:19,080 - SUCCESS - [+]002709成功打开cninfo！
2024-11-04 17:34:19,112 - INFO - [-]选择日期和输入代码...
2024-11-04 17:34:21,365 - INFO - [-]跳转查询页面...
2024-11-04 17:34:24,514 - INFO - [+]002709暂无新公告!
2024-11-04 17:34:24,552 - INFO - [-]300297尝试打开cninfo...
2024-11-04 17:34:28,618 - SUCCESS - [+]300297成功打开cninfo！
2024-11-04 17:34:28,620 - INFO - [-]选择日期和输入代码...
2024-11-04 17:34:30,546 - INFO - [-]跳转查询页面...
2024-11-04 17:34:33,348 - INFO - [+]300297暂无新公告!
2024-11-04 17:37:09,107 - INFO - [-]尝试读取客户信息...
2024-11-04 17:37:09,109 - SUCCESS - [+]成功读取客户信息！
2024-11-04 17:37:09,981 - INFO - [-]创建浏览器实例...
2024-11-04 17:37:09,992 - INFO - [-]创建浏览器实例...
2024-11-04 17:37:11,802 - INFO - [-]002709尝试打开cninfo...
2024-11-04 17:37:13,020 - INFO - [-]sz002709尝试打开sina...
2024-11-04 17:37:20,487 - SUCCESS - [+]sz002709成功打开sina！
2024-11-04 17:37:20,488 - INFO - [-]跳转查询页面...
2024-11-04 17:37:20,611 - SUCCESS - [+]在sina，sz002709查询到"天赐材料涨0.00%，成交额7.47亿元，后市是否有机会？"!
2024-11-04 17:37:21,703 - SUCCESS - [+]002709成功打开cninfo！
2024-11-04 17:37:21,750 - INFO - [-]选择日期和输入代码...
2024-11-04 17:37:24,293 - INFO - [-]跳转查询页面...
2024-11-04 17:37:27,648 - INFO - [+]002709暂无新公告!
2024-11-04 17:37:27,683 - INFO - [-]300297尝试打开cninfo...
2024-11-04 17:37:31,516 - SUCCESS - [+]300297成功打开cninfo！
2024-11-04 17:37:31,517 - INFO - [-]选择日期和输入代码...
2024-11-04 17:37:33,532 - INFO - [-]跳转查询页面...
2024-11-04 17:37:36,319 - INFO - [+]300297暂无新公告!
2024-11-04 17:38:08,236 - INFO - [-]sz300297尝试打开sina...
2024-11-04 17:38:10,448 - SUCCESS - [+]sz300297成功打开sina！
2024-11-04 17:38:10,448 - INFO - [-]跳转查询页面...
2024-11-04 17:38:43,156 - INFO - [-]尝试写入更新的公告...
2024-11-04 17:38:43,196 - INFO - [-]尝试写入更新的公告...
2024-11-04 17:38:43,199 - SUCCESS - [+]公告成功写入！
2024-11-04 17:38:43,223 - INFO - Document saved to /Users/apple/scripts/python/stock/docs/2024-11-04.docx
2024-11-04 17:38:43,224 - INFO - [-]尝试改变字体...
2024-11-04 17:38:43,229 - SUCCESS - [+]成功改变字体！
2024-11-04 17:39:37,420 - INFO - [-]尝试读取客户信息...
2024-11-04 17:39:37,421 - SUCCESS - [+]成功读取客户信息！
2024-11-04 17:39:38,382 - INFO - [-]创建浏览器实例...
2024-11-04 17:39:38,394 - INFO - [-]创建浏览器实例...
2024-11-04 17:39:40,407 - INFO - [-]002709尝试打开cninfo...
2024-11-04 17:39:41,613 - INFO - [-]sz002709尝试打开sina...
2024-11-04 17:39:50,098 - SUCCESS - [+]sz002709成功打开sina！
2024-11-04 17:39:50,098 - INFO - [-]跳转查询页面...
2024-11-04 17:39:50,213 - SUCCESS - [+]在sina，sz002709查询到"天赐材料涨0.00%，成交额7.47亿元，后市是否有机会？"!
2024-11-04 17:39:51,860 - SUCCESS - [+]002709成功打开cninfo！
2024-11-04 17:39:51,860 - INFO - [-]选择日期和输入代码...
2024-11-04 17:39:54,464 - INFO - [-]跳转查询页面...
2024-11-04 17:39:57,176 - INFO - [+]002709暂无新公告!
2024-11-04 17:39:57,204 - INFO - [-]300297尝试打开cninfo...
2024-11-04 17:40:01,101 - SUCCESS - [+]300297成功打开cninfo！
2024-11-04 17:40:01,102 - INFO - [-]选择日期和输入代码...
2024-11-04 17:40:02,979 - INFO - [-]跳转查询页面...
2024-11-04 17:40:09,457 - INFO - [+]300297暂无新公告!
2024-11-04 17:40:16,110 - INFO - [-]sz300297尝试打开sina...
2024-11-04 17:40:18,223 - SUCCESS - [+]sz300297成功打开sina！
2024-11-04 17:40:18,224 - INFO - [-]跳转查询页面...
2024-11-04 17:41:29,146 - INFO - [-]尝试读取客户信息...
2024-11-04 17:41:29,147 - SUCCESS - [+]成功读取客户信息！
2024-11-04 17:41:29,947 - INFO - [-]创建浏览器实例...
2024-11-04 17:41:29,960 - INFO - [-]创建浏览器实例...
2024-11-04 17:41:31,741 - INFO - [-]002709尝试打开cninfo...
2024-11-04 17:41:32,875 - INFO - [-]sz002709尝试打开sina...
2024-11-04 17:41:39,771 - SUCCESS - [+]sz002709成功打开sina！
2024-11-04 17:41:39,772 - INFO - [-]跳转查询页面...
2024-11-04 17:41:39,965 - SUCCESS - [+]在sina，sz002709查询到"天赐材料涨0.00%，成交额7.47亿元，后市是否有机会？"!
2024-11-04 17:41:40,993 - SUCCESS - [+]002709成功打开cninfo！
2024-11-04 17:41:41,017 - INFO - [-]选择日期和输入代码...
2024-11-04 17:41:43,881 - INFO - [-]跳转查询页面...
2024-11-04 17:41:46,904 - INFO - [+]002709暂无新公告!
2024-11-04 17:41:46,939 - INFO - [-]300297尝试打开cninfo...
2024-11-04 17:41:50,726 - SUCCESS - [+]300297成功打开cninfo！
2024-11-04 17:41:50,726 - INFO - [-]选择日期和输入代码...
2024-11-04 17:41:52,677 - INFO - [-]跳转查询页面...
2024-11-04 17:41:55,716 - INFO - [+]300297暂无新公告!
2024-11-04 17:41:59,945 - INFO - [-]sz300297尝试打开sina...
2024-11-04 17:42:01,984 - SUCCESS - [+]sz300297成功打开sina！
2024-11-04 17:42:01,985 - INFO - [-]跳转查询页面...
2024-11-04 17:43:02,367 - INFO - [-]尝试写入更新的公告...
2024-11-04 17:43:02,398 - INFO - [-]尝试写入更新的公告...
2024-11-04 17:43:02,399 - SUCCESS - [+]公告成功写入！
2024-11-04 17:43:02,415 - INFO - Document saved to /Users/apple/scripts/python/stock/docs/2024-11-04.docx
2024-11-04 17:43:02,416 - INFO - [-]尝试改变字体...
2024-11-04 17:43:02,418 - SUCCESS - [+]成功改变字体！
2024-11-04 17:43:58,615 - INFO - [-]尝试读取客户信息...
2024-11-04 17:43:58,615 - SUCCESS - [+]成功读取客户信息！
2024-11-04 17:43:59,673 - INFO - [-]创建浏览器实例...
2024-11-04 17:43:59,676 - INFO - [-]创建浏览器实例...
2024-11-04 17:44:01,126 - INFO - [-]002709尝试打开cninfo...
2024-11-04 17:44:02,503 - INFO - [-]sz002709尝试打开sina...
2024-11-04 17:44:04,714 - SUCCESS - [+]sz002709成功打开sina！
2024-11-04 17:44:04,715 - INFO - [-]跳转查询页面...
2024-11-04 17:44:04,874 - SUCCESS - [+]在sina，sz002709查询到"天赐材料涨0.00%，成交额7.47亿元，后市是否有机会？"!
2024-11-04 17:44:05,071 - SUCCESS - [+]002709成功打开cninfo！
2024-11-04 17:44:05,071 - INFO - [-]选择日期和输入代码...
2024-11-04 17:44:07,371 - INFO - [-]跳转查询页面...
2024-11-04 17:44:08,867 - INFO - [+]002709暂无新公告!
2024-11-04 17:44:08,884 - INFO - [-]300297尝试打开cninfo...
2024-11-04 17:44:09,328 - SUCCESS - [+]300297成功打开cninfo！
2024-11-04 17:44:09,328 - INFO - [-]选择日期和输入代码...
2024-11-04 17:44:09,710 - INFO - [-]sz300297尝试打开sina...
2024-11-04 17:44:10,323 - SUCCESS - [+]sz300297成功打开sina！
2024-11-04 17:44:10,324 - INFO - [-]跳转查询页面...
2024-11-04 17:44:10,848 - INFO - [-]跳转查询页面...
2024-11-04 17:44:11,825 - INFO - [+]300297暂无新公告!
2024-11-04 17:44:12,525 - INFO - [-]尝试写入更新的公告...
2024-11-04 17:44:12,552 - INFO - [-]尝试写入更新的公告...
2024-11-04 17:44:12,554 - SUCCESS - [+]公告成功写入！
2024-11-04 17:44:12,571 - INFO - Document saved to /Users/apple/scripts/python/stock/docs/2024-11-04.docx
2024-11-04 17:44:12,572 - INFO - [-]尝试改变字体...
2024-11-04 17:44:12,576 - SUCCESS - [+]成功改变字体！
2024-11-04 17:45:04,473 - INFO - [-]尝试读取客户信息...
2024-11-04 17:45:04,474 - SUCCESS - [+]成功读取客户信息！
2024-11-04 17:45:05,275 - INFO - [-]创建浏览器实例...
2024-11-04 17:45:05,287 - INFO - [-]创建浏览器实例...
2024-11-04 17:45:07,033 - INFO - [-]002709尝试打开cninfo...
2024-11-04 17:45:08,448 - INFO - [-]sz002709尝试打开sina...
2024-11-04 17:45:09,965 - SUCCESS - [+]sz002709成功打开sina！
2024-11-04 17:45:09,965 - INFO - [-]跳转查询页面...
2024-11-04 17:45:10,065 - SUCCESS - [+]在sina，sz002709查询到"天赐材料涨0.00%，成交额7.47亿元，后市是否有机会？"!
2024-11-04 17:45:10,408 - SUCCESS - [+]002709成功打开cninfo！
2024-11-04 17:45:10,409 - INFO - [-]选择日期和输入代码...
2024-11-04 17:45:12,867 - INFO - [-]跳转查询页面...
2024-11-04 17:45:14,178 - INFO - [+]002709暂无新公告!
2024-11-04 17:45:14,209 - INFO - [-]300297尝试打开cninfo...
2024-11-04 17:45:14,918 - SUCCESS - [+]300297成功打开cninfo！
2024-11-04 17:45:14,919 - INFO - [-]选择日期和输入代码...
2024-11-04 17:45:16,570 - INFO - [-]跳转查询页面...
2024-11-04 17:45:17,556 - INFO - [+]300297暂无新公告!
2024-11-04 17:45:17,661 - INFO - [-]sz300297尝试打开sina...
2024-11-04 17:45:18,043 - SUCCESS - [+]sz300297成功打开sina！
2024-11-04 17:45:18,043 - INFO - [-]跳转查询页面...
2024-11-04 17:45:20,174 - INFO - [-]尝试写入更新的公告...
2024-11-04 17:45:20,196 - INFO - [-]尝试写入更新的公告...
2024-11-04 17:45:20,197 - SUCCESS - [+]公告成功写入！
2024-11-04 17:45:20,218 - INFO - Document saved to /Users/apple/scripts/python/stock/docs/2024-11-04.docx
2024-11-04 17:45:20,219 - INFO - [-]尝试改变字体...
2024-11-04 17:45:20,221 - SUCCESS - [+]成功改变字体！
2024-11-04 17:46:31,705 - INFO - [-]尝试读取客户信息...
2024-11-04 17:46:31,706 - SUCCESS - [+]成功读取客户信息！
2024-11-04 17:46:32,668 - INFO - [-]创建浏览器实例...
2024-11-04 17:46:32,681 - INFO - [-]创建浏览器实例...
2024-11-04 17:46:34,256 - INFO - [-]002709尝试打开cninfo...
2024-11-04 17:46:35,572 - INFO - [-]sz002709尝试打开sina...
2024-11-04 17:46:36,904 - SUCCESS - [+]sz002709成功打开sina！
2024-11-04 17:46:36,905 - INFO - [-]跳转查询页面...
2024-11-04 17:46:37,009 - SUCCESS - [+]在sina，sz002709查询到"天赐材料涨0.00%，成交额7.47亿元，后市是否有机会？"!
2024-11-04 17:46:37,955 - SUCCESS - [+]002709成功打开cninfo！
2024-11-04 17:46:37,962 - INFO - [-]选择日期和输入代码...
2024-11-04 17:46:40,052 - INFO - [-]跳转查询页面...
2024-11-04 17:46:41,047 - INFO - [+]002709暂无新公告!
2024-11-04 17:46:41,059 - INFO - [-]300297尝试打开cninfo...
2024-11-04 17:46:41,642 - SUCCESS - [+]300297成功打开cninfo！
2024-11-04 17:46:41,642 - INFO - [-]选择日期和输入代码...
2024-11-04 17:46:42,248 - INFO - [-]sz300297尝试打开sina...
2024-11-04 17:46:42,906 - SUCCESS - [+]sz300297成功打开sina！
2024-11-04 17:46:42,907 - INFO - [-]跳转查询页面...
2024-11-04 17:46:43,198 - INFO - [-]跳转查询页面...
2024-11-04 17:46:44,122 - INFO - [+]300297暂无新公告!
2024-11-04 17:46:44,314 - INFO - [-]尝试写入更新的公告...
2024-11-04 17:46:44,339 - INFO - [-]尝试写入更新的公告...
2024-11-04 17:46:44,340 - SUCCESS - [+]公告成功写入！
2024-11-04 17:46:44,361 - INFO - Document saved to /Users/apple/scripts/python/stock/docs/2024-11-04.docx
2024-11-04 17:46:44,362 - INFO - [-]尝试改变字体...
2024-11-04 17:46:44,365 - SUCCESS - [+]成功改变字体！
2024-11-04 17:48:14,140 - INFO - [-]尝试读取客户信息...
2024-11-04 17:48:14,145 - SUCCESS - [+]成功读取客户信息！
2024-11-04 17:48:15,253 - INFO - [-]创建浏览器实例...
2024-11-04 17:48:15,270 - INFO - [-]创建浏览器实例...
2024-11-04 17:48:17,009 - INFO - [-]002709尝试打开cninfo...
2024-11-04 17:48:18,304 - INFO - [-]sz002709尝试打开sina...
2024-11-04 17:48:20,122 - SUCCESS - [+]002709成功打开cninfo！
2024-11-04 17:48:20,123 - INFO - [-]选择日期和输入代码...
2024-11-04 17:48:20,302 - SUCCESS - [+]sz002709成功打开sina！
2024-11-04 17:48:20,302 - INFO - [-]跳转查询页面...
2024-11-04 17:48:20,426 - SUCCESS - [+]在sina，sz002709查询到"天赐材料涨0.00%，成交额7.47亿元，后市是否有机会？"!
2024-11-04 17:48:20,444 - SUCCESS - [+]在sina，sz002709查询到"天赐材料涨0.00%，成交额7.47亿元，后市是否有机会？"!
2024-11-04 17:48:22,707 - INFO - [-]跳转查询页面...
2024-11-04 17:48:23,931 - INFO - [+]002709暂无新公告!
2024-11-04 17:48:23,946 - INFO - [-]300297尝试打开cninfo...
2024-11-04 17:48:24,146 - INFO - [-]sz300297尝试打开sina...
2024-11-04 17:48:24,649 - SUCCESS - [+]sz300297成功打开sina！
2024-11-04 17:48:24,650 - INFO - [-]跳转查询页面...
2024-11-04 17:48:24,790 - SUCCESS - [+]300297成功打开cninfo！
2024-11-04 17:48:24,790 - INFO - [-]选择日期和输入代码...
2024-11-04 17:48:26,276 - INFO - [-]跳转查询页面...
2024-11-04 17:48:27,289 - INFO - [+]300297暂无新公告!
2024-11-04 17:48:27,861 - INFO - [-]尝试写入更新的公告...
2024-11-04 17:48:27,881 - INFO - [-]尝试写入更新的公告...
2024-11-04 17:48:27,882 - SUCCESS - [+]公告成功写入！
2024-11-04 17:48:27,898 - INFO - Document saved to /Users/apple/scripts/python/stock/docs/2024-11-04.docx
2024-11-04 17:48:27,899 - INFO - [-]尝试改变字体...
2024-11-04 17:48:27,901 - SUCCESS - [+]成功改变字体！
2024-11-04 17:48:54,925 - INFO - [-]尝试读取客户信息...
2024-11-04 17:48:54,928 - SUCCESS - [+]成功读取客户信息！
2024-11-04 17:48:55,870 - INFO - [-]创建浏览器实例...
2024-11-04 17:48:55,882 - INFO - [-]创建浏览器实例...
2024-11-04 17:48:57,651 - INFO - [-]002709尝试打开cninfo...
2024-11-04 17:48:58,808 - INFO - [-]sz002709尝试打开sina...
2024-11-04 17:49:00,526 - SUCCESS - [+]002709成功打开cninfo！
2024-11-04 17:49:00,527 - INFO - [-]选择日期和输入代码...
2024-11-04 17:49:01,933 - INFO - [-]跳转查询页面...
2024-11-04 17:49:02,627 - SUCCESS - [+]sz002709成功打开sina！
2024-11-04 17:49:02,627 - INFO - [-]跳转查询页面...
2024-11-04 17:49:02,721 - SUCCESS - [+]在sina，sz002709查询到"天赐材料涨0.00%，成交额7.47亿元，后市是否有机会？"!
2024-11-04 17:49:03,081 - INFO - [+]002709暂无新公告!
2024-11-04 17:49:03,094 - INFO - [-]300297尝试打开cninfo...
2024-11-04 17:49:04,072 - SUCCESS - [+]300297成功打开cninfo！
2024-11-04 17:49:04,072 - INFO - [-]选择日期和输入代码...
2024-11-04 17:49:05,654 - INFO - [-]跳转查询页面...
2024-11-04 17:49:06,640 - INFO - [+]300297暂无新公告!
2024-11-04 17:50:35,732 - INFO - [-]尝试读取客户信息...
2024-11-04 17:50:35,733 - SUCCESS - [+]成功读取客户信息！
2024-11-04 17:50:36,719 - INFO - [-]创建浏览器实例...
2024-11-04 17:50:36,730 - INFO - [-]创建浏览器实例...
2024-11-04 17:50:38,451 - INFO - [-]002709尝试打开cninfo...
2024-11-04 17:50:39,874 - INFO - [-]sz002709尝试打开sina...
2024-11-04 17:50:41,999 - SUCCESS - [+]sz002709成功打开sina！
2024-11-04 17:50:41,999 - INFO - [-]跳转查询页面...
2024-11-04 17:50:42,097 - SUCCESS - [+]在sina，sz002709查询到"天赐材料涨0.00%，成交额7.47亿元，后市是否有机会？"!
2024-11-04 17:50:42,114 - SUCCESS - [+]在sina，sz002709查询到"天赐材料涨0.00%，成交额7.47亿元，后市是否有机会？"!
2024-11-04 17:50:42,130 - SUCCESS - [+]在sina，sz002709查询到"天赐材料涨0.00%，成交额7.47亿元，后市是否有机会？"!
2024-11-04 17:50:42,144 - SUCCESS - [+]在sina，sz002709查询到"天赐材料涨0.00%，成交额7.47亿元，后市是否有机会？"!
2024-11-04 17:50:42,163 - SUCCESS - [+]在sina，sz002709查询到"天赐材料涨0.00%，成交额7.47亿元，后市是否有机会？"!
2024-11-04 17:50:42,186 - SUCCESS - [+]在sina，sz002709查询到"天赐材料涨0.00%，成交额7.47亿元，后市是否有机会？"!
2024-11-04 17:50:42,202 - SUCCESS - [+]在sina，sz002709查询到"天赐材料涨0.00%，成交额7.47亿元，后市是否有机会？"!
2024-11-04 17:50:42,220 - SUCCESS - [+]在sina，sz002709查询到"天赐材料涨0.00%，成交额7.47亿元，后市是否有机会？"!
2024-11-04 17:50:42,251 - SUCCESS - [+]在sina，sz002709查询到"天赐材料涨0.00%，成交额7.47亿元，后市是否有机会？"!
2024-11-04 17:50:42,276 - SUCCESS - [+]在sina，sz002709查询到"天赐材料涨0.00%，成交额7.47亿元，后市是否有机会？"!
2024-11-04 17:50:42,651 - SUCCESS - [+]002709成功打开cninfo！
2024-11-04 17:50:42,651 - INFO - [-]选择日期和输入代码...
2024-11-04 17:50:45,784 - INFO - [-]跳转查询页面...
2024-11-04 17:50:47,277 - INFO - [+]002709暂无新公告!
2024-11-04 17:50:47,287 - INFO - [-]300297尝试打开cninfo...
2024-11-04 17:50:47,795 - SUCCESS - [+]300297成功打开cninfo！
2024-11-04 17:50:47,795 - INFO - [-]选择日期和输入代码...
2024-11-04 17:50:49,424 - INFO - [-]跳转查询页面...
2024-11-04 17:50:50,474 - INFO - [+]300297暂无新公告!
2024-11-04 17:51:28,773 - INFO - [-]sz300297尝试打开sina...
2024-11-04 17:51:29,598 - SUCCESS - [+]sz300297成功打开sina！
2024-11-04 17:51:29,598 - INFO - [-]跳转查询页面...
2024-11-04 17:51:32,295 - INFO - [-]尝试写入更新的公告...
2024-11-04 17:51:32,322 - INFO - [-]尝试写入更新的公告...
2024-11-04 17:51:32,323 - SUCCESS - [+]公告成功写入！
2024-11-04 17:51:32,341 - INFO - Document saved to /Users/apple/scripts/python/stock/docs/2024-11-04.docx
2024-11-04 17:51:32,342 - INFO - [-]尝试改变字体...
2024-11-04 17:51:32,345 - SUCCESS - [+]成功改变字体！
2024-11-04 17:52:32,672 - INFO - [-]尝试读取客户信息...
2024-11-04 17:52:32,675 - SUCCESS - [+]成功读取客户信息！
2024-11-04 17:52:33,526 - INFO - [-]创建浏览器实例...
2024-11-04 17:52:33,537 - INFO - [-]创建浏览器实例...
2024-11-04 17:52:35,288 - INFO - [-]sz002709尝试打开sina...
2024-11-04 17:52:35,296 - INFO - [-]002709尝试打开cninfo...
2024-11-04 17:52:36,947 - SUCCESS - [+]sz002709成功打开sina！
2024-11-04 17:52:36,947 - INFO - [-]跳转查询页面...
2024-11-04 17:52:37,118 - INFO - [-]sz300297尝试打开sina...
2024-11-04 17:52:37,675 - SUCCESS - [+]sz300297成功打开sina！
2024-11-04 17:52:37,676 - INFO - [-]跳转查询页面...
2024-11-04 17:52:38,770 - SUCCESS - [+]002709成功打开cninfo！
2024-11-04 17:52:38,770 - INFO - [-]选择日期和输入代码...
2024-11-04 17:52:40,187 - INFO - [-]跳转查询页面...
2024-11-04 17:52:41,453 - INFO - [+]002709暂无新公告!
2024-11-04 17:52:41,462 - INFO - [-]300297尝试打开cninfo...
2024-11-04 17:52:41,862 - SUCCESS - [+]300297成功打开cninfo！
2024-11-04 17:52:41,862 - INFO - [-]选择日期和输入代码...
2024-11-04 17:52:43,237 - INFO - [-]跳转查询页面...
2024-11-04 17:52:44,165 - INFO - [+]300297暂无新公告!
2024-11-04 17:52:44,279 - INFO - [-]尝试写入更新的公告...
2024-11-04 17:52:44,305 - INFO - [-]尝试写入更新的公告...
2024-11-04 17:52:44,305 - SUCCESS - [+]公告成功写入！
2024-11-04 17:52:44,320 - INFO - Document saved to /Users/apple/scripts/python/stock/docs/2024-11-04.docx
2024-11-04 17:52:44,321 - INFO - [-]尝试改变字体...
2024-11-04 17:52:44,323 - SUCCESS - [+]成功改变字体！
2024-11-04 18:04:18,360 - INFO - [-]尝试读取客户信息...
2024-11-04 18:04:18,362 - SUCCESS - [+]成功读取客户信息！
2024-11-04 18:04:19,314 - INFO - [-]创建浏览器实例...
2024-11-04 18:04:19,327 - INFO - [-]创建浏览器实例...
2024-11-04 18:04:22,259 - INFO - [-]sz002335尝试打开sina...
2024-11-04 18:04:22,265 - INFO - [-]002335尝试打开cninfo...
2024-11-04 18:04:23,834 - SUCCESS - [+]sz002335成功打开sina！
2024-11-04 18:04:23,835 - INFO - [-]跳转查询页面...
2024-11-04 18:04:23,945 - SUCCESS - [+]在sina，sz002335查询到"科华数据涨4.60%，成交额4.33亿元，近5日主力净流入-1.86亿"!
2024-11-04 18:04:23,963 - SUCCESS - [+]在sina，sz002335查询到"科华数据涨4.60%，成交额4.33亿元，近5日主力净流入-1.86亿"!
2024-11-04 18:04:23,998 - SUCCESS - [+]在sina，sz002335查询到"科华数据涨4.60%，成交额4.33亿元，近5日主力净流入-1.86亿"!
2024-11-04 18:04:24,016 - SUCCESS - [+]在sina，sz002335查询到"科华数据涨4.60%，成交额4.33亿元，近5日主力净流入-1.86亿"!
2024-11-04 18:04:24,035 - SUCCESS - [+]在sina，sz002335查询到"科华数据涨4.60%，成交额4.33亿元，近5日主力净流入-1.86亿"!
2024-11-04 18:04:24,051 - SUCCESS - [+]在sina，sz002335查询到"科华数据涨4.60%，成交额4.33亿元，近5日主力净流入-1.86亿"!
2024-11-04 18:04:24,072 - SUCCESS - [+]在sina，sz002335查询到"科华数据涨4.60%，成交额4.33亿元，近5日主力净流入-1.86亿"!
2024-11-04 18:04:24,088 - SUCCESS - [+]在sina，sz002335查询到"科华数据涨4.60%，成交额4.33亿元，近5日主力净流入-1.86亿"!
2024-11-04 18:04:24,106 - SUCCESS - [+]在sina，sz002335查询到"科华数据涨4.60%，成交额4.33亿元，近5日主力净流入-1.86亿"!
2024-11-04 18:04:24,123 - SUCCESS - [+]在sina，sz002335查询到"科华数据涨4.60%，成交额4.33亿元，近5日主力净流入-1.86亿"!
2024-11-04 18:04:24,137 - SUCCESS - [+]在sina，sz002335查询到"科华数据(002335)：多业务协同共进 海外市场有望拓展"!
2024-11-04 18:04:24,151 - SUCCESS - [+]在sina，sz002335查询到"科华数据(002335)：多业务协同共进 海外市场有望拓展"!
2024-11-04 18:04:24,165 - SUCCESS - [+]在sina，sz002335查询到"科华数据(002335)：多业务协同共进 海外市场有望拓展"!
2024-11-04 18:04:24,180 - SUCCESS - [+]在sina，sz002335查询到"科华数据(002335)：多业务协同共进 海外市场有望拓展"!
2024-11-04 18:04:24,192 - SUCCESS - [+]在sina，sz002335查询到"科华数据(002335)：多业务协同共进 海外市场有望拓展"!
2024-11-04 18:04:24,205 - SUCCESS - [+]在sina，sz002335查询到"科华数据(002335)：多业务协同共进 海外市场有望拓展"!
2024-11-04 18:04:24,219 - SUCCESS - [+]在sina，sz002335查询到"科华数据(002335)：多业务协同共进 海外市场有望拓展"!
2024-11-04 18:04:24,232 - SUCCESS - [+]在sina，sz002335查询到"科华数据(002335)：多业务协同共进 海外市场有望拓展"!
2024-11-04 18:04:24,245 - SUCCESS - [+]在sina，sz002335查询到"科华数据(002335)：多业务协同共进 海外市场有望拓展"!
2024-11-04 18:04:24,258 - SUCCESS - [+]在sina，sz002335查询到"科华数据(002335)：多业务协同共进 海外市场有望拓展"!
2024-11-04 18:04:24,278 - SUCCESS - [+]在sina，sz002335查询到"科华数据(002335)：多业务协同共进 海外市场有望拓展"!
2024-11-04 18:04:24,294 - SUCCESS - [+]在sina，sz002335查询到"科华数据(002335)：多业务协同共进 海外市场有望拓展"!
2024-11-04 18:04:24,313 - SUCCESS - [+]在sina，sz002335查询到"科华数据：多业务协同共进 海外市场有望拓展"!
2024-11-04 18:04:24,331 - SUCCESS - [+]在sina，sz002335查询到"科华数据：多业务协同共进 海外市场有望拓展"!
2024-11-04 18:04:24,348 - SUCCESS - [+]在sina，sz002335查询到"科华数据：多业务协同共进 海外市场有望拓展"!
2024-11-04 18:04:24,365 - SUCCESS - [+]在sina，sz002335查询到"科华数据：多业务协同共进 海外市场有望拓展"!
2024-11-04 18:04:24,380 - SUCCESS - [+]在sina，sz002335查询到"科华数据：多业务协同共进 海外市场有望拓展"!
2024-11-04 18:04:24,393 - SUCCESS - [+]在sina，sz002335查询到"科华数据：多业务协同共进 海外市场有望拓展"!
2024-11-04 18:04:24,406 - SUCCESS - [+]在sina，sz002335查询到"科华数据：多业务协同共进 海外市场有望拓展"!
2024-11-04 18:04:24,419 - SUCCESS - [+]在sina，sz002335查询到"科华数据：多业务协同共进 海外市场有望拓展"!
2024-11-04 18:04:24,432 - SUCCESS - [+]在sina，sz002335查询到"科华数据：多业务协同共进 海外市场有望拓展"!
2024-11-04 18:04:24,448 - SUCCESS - [+]在sina，sz002335查询到"科华数据：多业务协同共进 海外市场有望拓展"!
2024-11-04 18:04:24,461 - SUCCESS - [+]在sina，sz002335查询到"科华数据：多业务协同共进 海外市场有望拓展"!
2024-11-04 18:04:24,476 - SUCCESS - [+]在sina，sz002335查询到"科华数据：多业务协同共进 海外市场有望拓展"!
2024-11-04 18:04:24,494 - INFO - [-]sz300297尝试打开sina...
2024-11-04 18:04:25,091 - SUCCESS - [+]sz300297成功打开sina！
2024-11-04 18:04:25,091 - INFO - [-]跳转查询页面...
2024-11-04 18:04:26,135 - SUCCESS - [+]002335成功打开cninfo！
2024-11-04 18:04:26,135 - INFO - [-]选择日期和输入代码...
2024-11-04 18:04:27,732 - INFO - [-]跳转查询页面...
2024-11-04 18:04:29,154 - INFO - [+]002335暂无新公告!
2024-11-04 18:04:29,166 - INFO - [-]300297尝试打开cninfo...
2024-11-04 18:04:29,808 - SUCCESS - [+]300297成功打开cninfo！
2024-11-04 18:04:29,808 - INFO - [-]选择日期和输入代码...
2024-11-04 18:04:31,392 - INFO - [-]跳转查询页面...
2024-11-04 18:04:32,294 - INFO - [+]300297暂无新公告!
2024-11-04 18:04:32,421 - INFO - [-]尝试写入更新的公告...
2024-11-04 18:04:32,444 - INFO - [-]尝试写入更新的公告...
2024-11-04 18:04:32,445 - SUCCESS - [+]公告成功写入！
2024-11-04 18:04:32,460 - INFO - Document saved to /Users/apple/scripts/python/stock/docs/2024-11-04.docx
2024-11-04 18:04:32,460 - INFO - [-]尝试改变字体...
2024-11-04 18:04:32,462 - SUCCESS - [+]成功改变字体！
2024-11-04 18:05:48,925 - INFO - [-]尝试读取客户信息...
2024-11-04 18:05:48,926 - SUCCESS - [+]成功读取客户信息！
2024-11-04 18:05:49,876 - INFO - [-]创建浏览器实例...
2024-11-04 18:05:49,887 - INFO - [-]创建浏览器实例...
2024-11-04 18:05:51,523 - INFO - [-]sz002335尝试打开sina...
2024-11-04 18:05:51,531 - INFO - [-]002335尝试打开cninfo...
2024-11-04 18:05:53,180 - SUCCESS - [+]sz002335成功打开sina！
2024-11-04 18:05:53,180 - INFO - [-]跳转查询页面...
2024-11-04 18:05:53,276 - SUCCESS - [+]在sina，sz002335查询到"科华数据涨4.60%，成交额4.33亿元，近5日主力净流入-1.86亿"!
2024-11-04 18:05:53,293 - SUCCESS - [+]在sina，sz002335查询到"科华数据涨4.60%，成交额4.33亿元，近5日主力净流入-1.86亿"!
2024-11-04 18:05:53,309 - SUCCESS - [+]在sina，sz002335查询到"科华数据涨4.60%，成交额4.33亿元，近5日主力净流入-1.86亿"!
2024-11-04 18:05:53,329 - SUCCESS - [+]在sina，sz002335查询到"科华数据涨4.60%，成交额4.33亿元，近5日主力净流入-1.86亿"!
2024-11-04 18:05:53,347 - SUCCESS - [+]在sina，sz002335查询到"科华数据涨4.60%，成交额4.33亿元，近5日主力净流入-1.86亿"!
2024-11-04 18:05:53,361 - SUCCESS - [+]在sina，sz002335查询到"科华数据涨4.60%，成交额4.33亿元，近5日主力净流入-1.86亿"!
2024-11-04 18:05:53,375 - SUCCESS - [+]在sina，sz002335查询到"科华数据涨4.60%，成交额4.33亿元，近5日主力净流入-1.86亿"!
2024-11-04 18:05:53,388 - SUCCESS - [+]在sina，sz002335查询到"科华数据涨4.60%，成交额4.33亿元，近5日主力净流入-1.86亿"!
2024-11-04 18:05:53,403 - SUCCESS - [+]在sina，sz002335查询到"科华数据涨4.60%，成交额4.33亿元，近5日主力净流入-1.86亿"!
2024-11-04 18:05:53,420 - SUCCESS - [+]在sina，sz002335查询到"科华数据涨4.60%，成交额4.33亿元，近5日主力净流入-1.86亿"!
2024-11-04 18:05:53,435 - SUCCESS - [+]在sina，sz002335查询到"科华数据(002335)：多业务协同共进 海外市场有望拓展"!
2024-11-04 18:05:53,450 - SUCCESS - [+]在sina，sz002335查询到"科华数据(002335)：多业务协同共进 海外市场有望拓展"!
2024-11-04 18:05:53,465 - SUCCESS - [+]在sina，sz002335查询到"科华数据(002335)：多业务协同共进 海外市场有望拓展"!
2024-11-04 18:05:53,481 - SUCCESS - [+]在sina，sz002335查询到"科华数据(002335)：多业务协同共进 海外市场有望拓展"!
2024-11-04 18:05:53,495 - SUCCESS - [+]在sina，sz002335查询到"科华数据(002335)：多业务协同共进 海外市场有望拓展"!
2024-11-04 18:05:53,508 - SUCCESS - [+]在sina，sz002335查询到"科华数据(002335)：多业务协同共进 海外市场有望拓展"!
2024-11-04 18:05:53,523 - SUCCESS - [+]在sina，sz002335查询到"科华数据(002335)：多业务协同共进 海外市场有望拓展"!
2024-11-04 18:05:53,536 - SUCCESS - [+]在sina，sz002335查询到"科华数据(002335)：多业务协同共进 海外市场有望拓展"!
2024-11-04 18:05:53,548 - SUCCESS - [+]在sina，sz002335查询到"科华数据(002335)：多业务协同共进 海外市场有望拓展"!
2024-11-04 18:05:53,562 - SUCCESS - [+]在sina，sz002335查询到"科华数据(002335)：多业务协同共进 海外市场有望拓展"!
2024-11-04 18:05:53,577 - SUCCESS - [+]在sina，sz002335查询到"科华数据(002335)：多业务协同共进 海外市场有望拓展"!
2024-11-04 18:05:53,591 - SUCCESS - [+]在sina，sz002335查询到"科华数据(002335)：多业务协同共进 海外市场有望拓展"!
2024-11-04 18:05:53,606 - SUCCESS - [+]在sina，sz002335查询到"科华数据：多业务协同共进 海外市场有望拓展"!
2024-11-04 18:05:53,623 - SUCCESS - [+]在sina，sz002335查询到"科华数据：多业务协同共进 海外市场有望拓展"!
2024-11-04 18:05:53,639 - SUCCESS - [+]在sina，sz002335查询到"科华数据：多业务协同共进 海外市场有望拓展"!
2024-11-04 18:05:53,653 - SUCCESS - [+]在sina，sz002335查询到"科华数据：多业务协同共进 海外市场有望拓展"!
2024-11-04 18:05:53,669 - SUCCESS - [+]在sina，sz002335查询到"科华数据：多业务协同共进 海外市场有望拓展"!
2024-11-04 18:05:53,684 - SUCCESS - [+]在sina，sz002335查询到"科华数据：多业务协同共进 海外市场有望拓展"!
2024-11-04 18:05:53,698 - SUCCESS - [+]在sina，sz002335查询到"科华数据：多业务协同共进 海外市场有望拓展"!
2024-11-04 18:05:53,711 - SUCCESS - [+]在sina，sz002335查询到"科华数据：多业务协同共进 海外市场有望拓展"!
2024-11-04 18:05:53,727 - SUCCESS - [+]在sina，sz002335查询到"科华数据：多业务协同共进 海外市场有望拓展"!
2024-11-04 18:05:53,739 - SUCCESS - [+]在sina，sz002335查询到"科华数据：多业务协同共进 海外市场有望拓展"!
2024-11-04 18:05:53,753 - SUCCESS - [+]在sina，sz002335查询到"科华数据：多业务协同共进 海外市场有望拓展"!
2024-11-04 18:05:53,770 - SUCCESS - [+]在sina，sz002335查询到"科华数据：多业务协同共进 海外市场有望拓展"!
2024-11-04 18:05:53,782 - INFO - [-]sz300297尝试打开sina...
2024-11-04 18:05:54,215 - SUCCESS - [+]sz300297成功打开sina！
2024-11-04 18:05:54,215 - INFO - [-]跳转查询页面...
2024-11-04 18:05:55,058 - SUCCESS - [+]002335成功打开cninfo！
2024-11-04 18:05:55,059 - INFO - [-]选择日期和输入代码...
2024-11-04 18:05:56,461 - INFO - [-]跳转查询页面...
2024-11-04 18:05:57,571 - INFO - [+]002335暂无新公告!
2024-11-04 18:05:57,581 - INFO - [-]300297尝试打开cninfo...
2024-11-04 18:05:59,147 - SUCCESS - [+]300297成功打开cninfo！
2024-11-04 18:05:59,147 - INFO - [-]选择日期和输入代码...
2024-11-04 18:06:00,781 - INFO - [-]跳转查询页面...
2024-11-04 18:06:01,704 - INFO - [+]300297暂无新公告!
2024-11-04 18:06:01,846 - INFO - [-]尝试写入更新的公告...
2024-11-04 18:06:01,867 - INFO - [-]尝试写入更新的公告...
2024-11-04 18:06:01,868 - SUCCESS - [+]公告成功写入！
2024-11-04 18:06:01,886 - INFO - Document saved to /Users/apple/scripts/python/stock/docs/2024-11-04.docx
2024-11-04 18:06:01,887 - INFO - [-]尝试改变字体...
2024-11-04 18:06:01,889 - SUCCESS - [+]成功改变字体！
2024-11-04 18:16:01,564 - INFO - [-]尝试读取客户信息...
2024-11-04 18:16:01,569 - SUCCESS - [+]成功读取客户信息！
2024-11-04 18:16:02,520 - INFO - [-]创建浏览器实例...
2024-11-04 18:16:02,534 - INFO - [-]创建浏览器实例...
2024-11-04 18:16:04,345 - INFO - [-]002335尝试打开cninfo...
2024-11-04 18:16:04,352 - INFO - [-]sz002335尝试打开sina...
2024-11-04 18:16:06,813 - SUCCESS - [+]sz002335成功打开sina！
2024-11-04 18:16:06,813 - INFO - [-]跳转查询页面...
2024-11-04 18:16:06,906 - SUCCESS - [+]在sina，sz002335查询到"科华数据(002335)：多业务协同共进 海外市场有望拓展"!
2024-11-04 18:16:06,922 - SUCCESS - [+]在sina，sz002335查询到"科华数据：多业务协同共进 海外市场有望拓展"!
2024-11-04 18:16:06,932 - INFO - [-]sz300297尝试打开sina...
2024-11-04 18:16:07,537 - SUCCESS - [+]sz300297成功打开sina！
2024-11-04 18:16:07,538 - INFO - [-]跳转查询页面...
2024-11-04 18:16:08,130 - SUCCESS - [+]002335成功打开cninfo！
2024-11-04 18:16:08,131 - INFO - [-]选择日期和输入代码...
2024-11-04 18:16:09,442 - INFO - [-]跳转查询页面...
2024-11-04 18:16:10,487 - INFO - [+]002335暂无新公告!
2024-11-04 18:16:10,496 - INFO - [-]300297尝试打开cninfo...
2024-11-04 18:16:10,931 - SUCCESS - [+]300297成功打开cninfo！
2024-11-04 18:16:10,932 - INFO - [-]选择日期和输入代码...
2024-11-04 18:16:12,354 - INFO - [-]跳转查询页面...
2024-11-04 18:16:13,349 - INFO - [+]300297暂无新公告!
2024-11-04 18:16:13,481 - INFO - [-]尝试写入更新的公告...
2024-11-04 18:16:13,506 - INFO - [-]尝试写入更新的公告...
2024-11-04 18:16:13,507 - SUCCESS - [+]公告成功写入！
2024-11-04 18:16:13,523 - INFO - Document saved to /Users/apple/scripts/python/stock/docs/2024-11-04.docx
2024-11-04 18:16:13,524 - INFO - [-]尝试改变字体...
2024-11-04 18:16:13,526 - SUCCESS - [+]成功改变字体！
2024-11-04 18:33:37,816 - INFO - [-]尝试读取客户信息...
2024-11-04 18:33:37,832 - SUCCESS - [+]成功读取客户信息！
2024-11-04 18:33:38,808 - INFO - [-]创建浏览器实例...
2024-11-04 18:33:38,819 - INFO - [-]创建浏览器实例...
2024-11-04 18:33:40,699 - INFO - [-]002335尝试打开cninfo...
2024-11-04 18:33:40,706 - INFO - [-]sz002335尝试打开sina...
2024-11-04 18:33:50,022 - SUCCESS - [+]002335成功打开cninfo！
2024-11-04 18:33:50,022 - INFO - [-]选择日期和输入代码...
2024-11-04 18:33:50,438 - SUCCESS - [+]sz002335成功打开sina！
2024-11-04 18:33:50,439 - INFO - [-]跳转查询页面...
2024-11-04 18:33:50,572 - SUCCESS - [+]在sina，sz002335查询到"科华数据(002335)：多业务协同共进 海外市场有望拓展"!
2024-11-04 18:33:50,590 - SUCCESS - [+]在sina，sz002335查询到"科华数据：多业务协同共进 海外市场有望拓展"!
2024-11-04 18:33:50,608 - INFO - [-]sz300297尝试打开sina...
2024-11-04 18:33:51,918 - SUCCESS - [+]sz300297成功打开sina！
2024-11-04 18:33:51,918 - INFO - [-]跳转查询页面...
2024-11-04 18:33:52,423 - INFO - [-]跳转查询页面...
2024-11-04 18:33:55,388 - INFO - [+]002335暂无新公告!
2024-11-04 18:33:55,397 - INFO - [-]300297尝试打开cninfo...
2024-11-04 18:33:59,021 - SUCCESS - [+]300297成功打开cninfo！
2024-11-04 18:33:59,021 - INFO - [-]选择日期和输入代码...
2024-11-04 18:34:00,790 - INFO - [-]跳转查询页面...
2024-11-04 18:34:04,022 - INFO - [+]300297暂无新公告!
2024-11-04 18:34:04,142 - INFO - [-]尝试写入更新的公告...
2024-11-04 18:34:04,166 - INFO - [-]尝试写入更新的公告...
2024-11-04 18:34:04,167 - SUCCESS - [+]公告成功写入！
2024-11-04 18:34:04,187 - INFO - Document saved to /Users/apple/scripts/python/stock/docs/2024-11-04.docx
2024-11-04 18:34:04,188 - INFO - [-]尝试改变字体...
2024-11-04 18:34:04,190 - SUCCESS - [+]成功改变字体！
2024-11-04 18:38:24,224 - INFO - [-]尝试读取客户信息...
2024-11-04 18:38:24,230 - SUCCESS - [+]成功读取客户信息！
2024-11-04 18:38:25,128 - INFO - [-]创建浏览器实例...
2024-11-04 18:38:25,142 - INFO - [-]创建浏览器实例...
2024-11-04 18:38:27,163 - INFO - [-]sz002335尝试打开sina...
2024-11-04 18:38:27,169 - INFO - [-]002335尝试打开cninfo...
2024-11-04 18:38:35,590 - SUCCESS - [+]sz002335成功打开sina！
2024-11-04 18:38:35,591 - INFO - [-]跳转查询页面...
2024-11-04 18:38:35,684 - SUCCESS - [+]在sina，sz002335查询到"科华数据(002335)：多业务协同共进 海外市场有望拓展"!
2024-11-04 18:38:35,699 - SUCCESS - [+]在sina，sz002335查询到"科华数据：多业务协同共进 海外市场有望拓展"!
2024-11-04 18:38:35,709 - INFO - [-]sz300297尝试打开sina...
2024-11-04 18:38:36,634 - SUCCESS - [+]002335成功打开cninfo！
2024-11-04 18:38:36,634 - INFO - [-]选择日期和输入代码...
2024-11-04 18:38:38,199 - SUCCESS - [+]sz300297成功打开sina！
2024-11-04 18:38:38,199 - INFO - [-]跳转查询页面...
2024-11-04 18:38:38,814 - INFO - [-]跳转查询页面...
2024-11-04 18:38:41,698 - INFO - [+]002335暂无新公告!
2024-11-04 18:38:41,708 - INFO - [-]300297尝试打开cninfo...
2024-11-04 18:38:45,740 - SUCCESS - [+]300297成功打开cninfo！
2024-11-04 18:38:45,740 - INFO - [-]选择日期和输入代码...
2024-11-04 18:38:47,377 - INFO - [-]跳转查询页面...
2024-11-04 18:38:49,942 - INFO - [+]300297暂无新公告!
2024-11-04 18:38:50,064 - INFO - [-]尝试写入更新的公告...
2024-11-04 18:38:50,087 - INFO - [-]尝试写入更新的公告...
2024-11-04 18:38:50,088 - SUCCESS - [+]公告成功写入！
2024-11-04 18:38:50,108 - INFO - Document saved to /Users/apple/scripts/python/stock/docs/2024-11-04.docx
2024-11-04 18:38:50,109 - INFO - [-]尝试改变字体...
2024-11-04 18:38:50,111 - SUCCESS - [+]成功改变字体！
2024-11-04 18:44:25,184 - INFO - [-]尝试读取客户信息...
2024-11-04 18:44:25,187 - SUCCESS - [+]成功读取客户信息！
2024-11-04 18:44:26,306 - INFO - [-]创建浏览器实例...
2024-11-04 18:44:26,320 - INFO - [-]创建浏览器实例...
2024-11-04 18:44:28,047 - INFO - [-]sz002335尝试打开sina...
2024-11-04 18:44:28,054 - INFO - [-]002335尝试打开cninfo...
2024-11-04 18:44:36,568 - SUCCESS - [+]sz002335成功打开sina！
2024-11-04 18:44:36,568 - INFO - [-]跳转查询页面...
2024-11-04 18:44:36,663 - SUCCESS - [+]在sina，sz002335查询到"科华数据(002335)：多业务协同共进 海外市场有望拓展"!
2024-11-04 18:44:36,678 - SUCCESS - [+]在sina，sz002335查询到"科华数据：多业务协同共进 海外市场有望拓展"!
2024-11-04 18:44:36,687 - INFO - [-]sz300297尝试打开sina...
2024-11-04 18:44:36,920 - SUCCESS - [+]002335成功打开cninfo！
2024-11-04 18:44:36,920 - INFO - [-]选择日期和输入代码...
2024-11-04 18:44:38,780 - SUCCESS - [+]sz300297成功打开sina！
2024-11-04 18:44:38,780 - INFO - [-]跳转查询页面...
2024-11-04 18:44:38,934 - INFO - [-]跳转查询页面...
2024-11-04 18:44:42,202 - INFO - [+]002335暂无新公告!
2024-11-04 18:44:42,211 - INFO - [-]300297尝试打开cninfo...
2024-11-04 18:44:45,744 - SUCCESS - [+]300297成功打开cninfo！
2024-11-04 18:44:45,744 - INFO - [-]选择日期和输入代码...
2024-11-04 18:44:47,413 - INFO - [-]跳转查询页面...
2024-11-04 18:44:49,791 - INFO - [+]300297暂无新公告!
2024-11-04 18:44:49,914 - INFO - [-]尝试写入更新的公告...
2024-11-04 18:44:49,938 - INFO - [-]尝试写入更新的公告...
2024-11-04 18:44:49,939 - SUCCESS - [+]公告成功写入！
2024-11-04 18:44:49,962 - INFO - Document saved to /Users/apple/scripts/python/stock/docs/2024-11-04.docx
2024-11-04 18:44:49,963 - INFO - [-]尝试改变字体...
2024-11-04 18:44:49,967 - SUCCESS - [+]成功改变字体！
2024-11-04 18:47:29,408 - INFO - [-]尝试读取客户信息...
2024-11-04 18:47:29,411 - SUCCESS - [+]成功读取客户信息！
2024-11-04 18:47:30,719 - INFO - [-]创建浏览器实例...
2024-11-04 18:47:30,734 - INFO - [-]创建浏览器实例...
2024-11-04 18:47:32,520 - INFO - [-]002335尝试打开cninfo...
2024-11-04 18:47:32,526 - INFO - [-]sz002335尝试打开sina...
2024-11-04 18:47:40,658 - SUCCESS - [+]sz002335成功打开sina！
2024-11-04 18:47:40,658 - INFO - [-]跳转查询页面...
2024-11-04 18:47:40,775 - SUCCESS - [+]在sina，sz002335查询到"科华数据(002335)：多业务协同共进 海外市场有望拓展"!
2024-11-04 18:47:40,791 - SUCCESS - [+]在sina，sz002335查询到"科华数据：多业务协同共进 海外市场有望拓展"!
2024-11-04 18:47:40,800 - INFO - [-]sz300297尝试打开sina...
2024-11-04 18:47:42,449 - SUCCESS - [+]002335成功打开cninfo！
2024-11-04 18:47:42,449 - INFO - [-]选择日期和输入代码...
2024-11-04 18:47:42,736 - SUCCESS - [+]sz300297成功打开sina！
2024-11-04 18:47:42,737 - INFO - [-]跳转查询页面...
2024-11-04 18:47:44,615 - INFO - [-]跳转查询页面...
2024-11-04 18:47:47,512 - INFO - [+]002335暂无新公告!
2024-11-04 18:47:47,521 - INFO - [-]300297尝试打开cninfo...
2024-11-04 18:47:51,236 - SUCCESS - [+]300297成功打开cninfo！
2024-11-04 18:47:51,237 - INFO - [-]选择日期和输入代码...
2024-11-04 18:47:52,951 - INFO - [-]跳转查询页面...
2024-11-04 18:47:55,581 - INFO - [+]300297暂无新公告!
2024-11-04 18:47:55,708 - INFO - [-]尝试写入更新的公告...
2024-11-04 18:47:55,734 - INFO - [-]尝试写入更新的公告...
2024-11-04 18:47:55,735 - SUCCESS - [+]公告成功写入！
2024-11-04 18:47:55,758 - INFO - Document saved to /Users/apple/scripts/python/stock/docs/2024-11-04.docx
2024-11-04 18:47:55,759 - INFO - [-]尝试改变字体...
2024-11-04 18:47:55,762 - SUCCESS - [+]成功改变字体！
2024-11-04 18:48:29,680 - INFO - [-]尝试读取客户信息...
2024-11-04 18:48:29,681 - SUCCESS - [+]成功读取客户信息！
2024-11-04 18:48:30,556 - INFO - [-]创建浏览器实例...
2024-11-04 18:48:30,569 - INFO - [-]创建浏览器实例...
2024-11-04 18:48:32,216 - INFO - [-]002335尝试打开cninfo...
2024-11-04 18:48:32,225 - INFO - [-]sz002335尝试打开sina...
2024-11-04 18:48:35,910 - SUCCESS - [+]sz002335成功打开sina！
2024-11-04 18:48:35,910 - INFO - [-]跳转查询页面...
2024-11-04 18:48:35,997 - SUCCESS - [+]在sina，sz002335查询到"科华数据(002335)：多业务协同共进 海外市场有望拓展"!
2024-11-04 18:48:36,051 - SUCCESS - [+]在sina，sz002335查询到"科华数据：多业务协同共进 海外市场有望拓展"!
2024-11-04 18:48:36,060 - INFO - [-]sz300297尝试打开sina...
2024-11-04 18:48:37,478 - SUCCESS - [+]sz300297成功打开sina！
2024-11-04 18:48:37,479 - INFO - [-]跳转查询页面...
2024-11-04 18:48:38,729 - SUCCESS - [+]002335成功打开cninfo！
2024-11-04 18:48:38,729 - INFO - [-]选择日期和输入代码...
2024-11-04 18:48:40,689 - INFO - [-]跳转查询页面...
2024-11-04 18:48:43,355 - INFO - [+]002335暂无新公告!
2024-11-04 18:48:43,369 - INFO - [-]300297尝试打开cninfo...
2024-11-04 18:48:47,659 - SUCCESS - [+]300297成功打开cninfo！
2024-11-04 18:48:47,659 - INFO - [-]选择日期和输入代码...
2024-11-04 18:48:49,365 - INFO - [-]跳转查询页面...
2024-11-04 18:48:51,856 - INFO - [+]300297暂无新公告!
2024-11-04 18:48:51,990 - INFO - [-]尝试写入更新的公告...
2024-11-04 18:48:52,011 - INFO - [-]尝试写入更新的公告...
2024-11-04 18:48:52,011 - SUCCESS - [+]公告成功写入！
2024-11-04 18:48:52,029 - INFO - Document saved to /Users/apple/scripts/python/stock/docs/2024-11-04.docx
2024-11-04 18:48:52,030 - INFO - [-]尝试改变字体...
2024-11-04 18:48:52,032 - SUCCESS - [+]成功改变字体！
2024-11-04 18:51:07,270 - INFO - [-]尝试读取客户信息...
2024-11-04 18:51:07,273 - SUCCESS - [+]成功读取客户信息！
2024-11-04 18:51:08,208 - INFO - [-]创建浏览器实例...
2024-11-04 18:51:08,221 - INFO - [-]创建浏览器实例...
2024-11-04 18:51:10,127 - INFO - [-]sz002335尝试打开sina...
2024-11-04 18:51:10,134 - INFO - [-]002335尝试打开cninfo...
2024-11-04 18:51:18,443 - SUCCESS - [+]sz002335成功打开sina！
2024-11-04 18:51:18,444 - INFO - [-]跳转查询页面...
2024-11-04 18:51:18,544 - SUCCESS - [+]在sina，sz002335查询到"科华数据(002335)：多业务协同共进 海外市场有望拓展"!
2024-11-04 18:51:18,559 - SUCCESS - [+]在sina，sz002335查询到"科华数据：多业务协同共进 海外市场有望拓展"!
2024-11-04 18:51:18,568 - INFO - [-]sz300297尝试打开sina...
2024-11-04 18:51:20,552 - SUCCESS - [+]sz300297成功打开sina！
2024-11-04 18:51:20,552 - INFO - [-]跳转查询页面...
2024-11-04 18:51:20,563 - SUCCESS - [+]002335成功打开cninfo！
2024-11-04 18:51:20,563 - INFO - [-]选择日期和输入代码...
2024-11-04 18:51:22,655 - INFO - [-]跳转查询页面...
2024-11-04 18:51:25,825 - INFO - [+]002335暂无新公告!
2024-11-04 18:51:25,834 - INFO - [-]300297尝试打开cninfo...
2024-11-04 18:51:29,313 - SUCCESS - [+]300297成功打开cninfo！
2024-11-04 18:51:29,313 - INFO - [-]选择日期和输入代码...
2024-11-04 18:51:31,081 - INFO - [-]跳转查询页面...
2024-11-04 18:51:33,850 - INFO - [+]300297暂无新公告!
2024-11-04 18:51:33,967 - INFO - [-]尝试写入更新的公告...
2024-11-04 18:51:33,988 - INFO - [-]尝试写入更新的公告...
2024-11-04 18:51:33,989 - SUCCESS - [+]公告成功写入！
2024-11-04 18:51:34,005 - INFO - Document saved to /Users/apple/scripts/python/stock/docs/2024-11-04.docx
2024-11-04 18:51:34,005 - INFO - [-]尝试改变字体...
2024-11-04 18:51:34,007 - SUCCESS - [+]成功改变字体！
