2024-10-25 11:48:45,884 - INFO - [-]尝试读取客户信息...
2024-10-25 11:48:45,891 - INFO - list index out of range
2024-10-25 11:48:45,892 - INFO - list index out of range
2024-10-25 11:48:45,892 - SUCCESS - [+]成功读取客户信息！
2024-10-25 11:48:46,924 - INFO - [-]创建浏览器实例...
2024-10-25 11:49:03,006 - INFO - [-]600997尝试打开cninfo...
2024-10-25 11:49:15,710 - SUCCESS - [+]600997成功打开cninfo！
2024-10-25 11:49:15,710 - INFO - [-]选择日期和输入代码...
2024-10-25 11:49:17,815 - INFO - [-]跳转查询页面...
2024-10-25 11:49:21,788 - INFO - [+]600997暂无新公告!
2024-10-25 11:49:28,795 - INFO - [-]600575尝试打开cninfo...
2024-10-25 11:49:36,239 - SUCCESS - [+]600575成功打开cninfo！
2024-10-25 11:49:36,251 - INFO - [-]选择日期和输入代码...
2024-10-25 11:49:38,945 - INFO - [-]跳转查询页面...
2024-10-25 11:49:42,521 - INFO - [+]600575暂无新公告!
2024-10-25 12:03:16,406 - INFO - [-]尝试读取客户信息...
2024-10-25 12:03:16,408 - INFO - list index out of range
2024-10-25 12:03:16,409 - INFO - list index out of range
2024-10-25 12:03:16,409 - SUCCESS - [+]成功读取客户信息！
2024-10-25 12:03:17,233 - INFO - [-]创建浏览器实例...
2024-10-25 12:03:20,683 - INFO - [-]600997尝试打开cninfo...
2024-10-25 12:03:29,452 - SUCCESS - [+]600997成功打开cninfo！
2024-10-25 12:03:29,453 - INFO - [-]选择日期和输入代码...
2024-10-25 12:03:32,123 - INFO - [-]跳转查询页面...
2024-10-25 12:03:35,759 - INFO - [+]600997暂无新公告!
2024-10-25 12:05:17,164 - INFO - [-]600575尝试打开cninfo...
2024-10-25 12:05:24,736 - SUCCESS - [+]600575成功打开cninfo！
2024-10-25 12:05:24,737 - INFO - [-]选择日期和输入代码...
2024-10-25 12:05:28,512 - INFO - [-]跳转查询页面...
2024-10-25 12:05:32,030 - INFO - [+]600575暂无新公告!
2024-10-25 12:15:04,112 - INFO - [-]尝试读取客户信息...
2024-10-25 12:15:04,115 - SUCCESS - [+]成功读取客户信息！
2024-10-25 12:15:05,177 - INFO - [-]创建浏览器实例...
2024-10-25 12:15:08,826 - INFO - [-]002709尝试打开cninfo...
2024-10-25 12:15:19,323 - SUCCESS - [+]002709成功打开cninfo！
2024-10-25 12:15:19,323 - INFO - [-]选择日期和输入代码...
2024-10-25 12:15:21,680 - INFO - [-]跳转查询页面...
2024-10-25 12:15:25,727 - INFO - [+]002709暂无新公告!
2024-10-25 12:16:05,805 - INFO - [-]300297尝试打开cninfo...
2024-10-25 12:16:11,893 - SUCCESS - [+]300297成功打开cninfo！
2024-10-25 12:16:11,893 - INFO - [-]选择日期和输入代码...
2024-10-25 12:16:14,224 - INFO - [-]跳转查询页面...
2024-10-25 12:16:17,657 - INFO - [+]300297暂无新公告!
2024-10-25 12:57:18,726 - INFO - [-]尝试读取客户信息...
2024-10-25 12:57:18,729 - SUCCESS - [+]成功读取客户信息！
2024-10-25 12:57:19,621 - INFO - [-]创建浏览器实例...
2024-10-25 12:57:20,884 - INFO - [-]002709尝试打开cninfo...
2024-10-25 12:57:30,878 - SUCCESS - [+]002709成功打开cninfo！
2024-10-25 12:57:30,878 - INFO - [-]选择日期和输入代码...
2024-10-25 12:57:36,137 - ERROR - 在 search_announce 没有成功执行!
2024-10-25 12:57:36,137 - ERROR - 传递的参数: args = (<Page url='http://www.cninfo.com.cn/new/index'>, '002709', '2024-10-25', '2024-10-26'), kwargs = {}
2024-10-25 12:57:36,138 - ERROR - Locator.click: Timeout 5000ms exceeded.
Call log:
waiting for get_by_title("002709")

2024-10-25 12:57:36,138 - INFO - [-]300297尝试打开cninfo...
2024-10-25 12:57:42,296 - SUCCESS - [+]300297成功打开cninfo！
2024-10-25 12:57:42,297 - INFO - [-]选择日期和输入代码...
2024-10-25 12:57:44,236 - INFO - [-]跳转查询页面...
2024-10-25 12:57:48,377 - INFO - [+]300297暂无新公告!
2024-10-25 12:57:48,386 - INFO - [-]002705尝试打开cninfo...
2024-10-25 12:57:54,343 - SUCCESS - [+]002705成功打开cninfo！
2024-10-25 12:57:54,344 - INFO - [-]选择日期和输入代码...
2024-10-25 12:57:56,211 - INFO - [-]跳转查询页面...
2024-10-25 12:57:59,621 - INFO - [+]002705暂无新公告!
2024-10-25 12:57:59,630 - INFO - [-]002335尝试打开cninfo...
2024-10-25 12:58:04,672 - SUCCESS - [+]002335成功打开cninfo！
2024-10-25 12:58:04,672 - INFO - [-]选择日期和输入代码...
2024-10-25 12:58:07,175 - INFO - [-]跳转查询页面...
2024-10-25 12:58:11,577 - INFO - [+]002335暂无新公告!
2024-10-25 12:58:11,585 - INFO - [-]002341尝试打开cninfo...
2024-10-25 12:58:16,088 - SUCCESS - [+]002341成功打开cninfo！
2024-10-25 12:58:16,088 - INFO - [-]选择日期和输入代码...
2024-10-25 12:58:17,944 - INFO - [-]跳转查询页面...
2024-10-25 12:58:21,431 - INFO - [+]002341暂无新公告!
2024-10-25 12:58:22,081 - INFO - [-]创建浏览器实例...
2024-10-25 12:58:22,778 - INFO - [-]002709尝试打开cninfo...
2024-10-25 12:58:30,276 - SUCCESS - [+]002709成功打开cninfo！
2024-10-25 12:58:30,276 - INFO - [-]选择日期和输入代码...
2024-10-25 12:58:32,032 - INFO - [-]跳转查询页面...
2024-10-25 12:58:34,897 - INFO - [+]002709暂无新公告!
2024-10-25 12:58:35,015 - INFO - [-]尝试写入更新的公告...
2024-10-25 12:58:35,041 - INFO - [-]尝试改变字体...
2024-10-25 12:58:35,043 - SUCCESS - [+]成功改变字体！
2024-10-25 12:59:47,779 - INFO - [-]尝试读取客户信息...
2024-10-25 12:59:47,783 - SUCCESS - [+]成功读取客户信息！
2024-10-25 12:59:48,702 - INFO - [-]创建浏览器实例...
2024-10-25 12:59:49,996 - INFO - [-]002709尝试打开cninfo...
2024-10-25 12:59:58,642 - SUCCESS - [+]002709成功打开cninfo！
2024-10-25 12:59:58,642 - INFO - [-]选择日期和输入代码...
2024-10-25 13:00:01,023 - INFO - [-]跳转查询页面...
2024-10-25 13:00:04,653 - INFO - [+]002709暂无新公告!
2024-10-25 13:00:04,661 - INFO - [-]300297尝试打开cninfo...
2024-10-25 13:00:10,307 - SUCCESS - [+]300297成功打开cninfo！
2024-10-25 13:00:10,307 - INFO - [-]选择日期和输入代码...
2024-10-25 13:00:13,473 - INFO - [-]跳转查询页面...
2024-10-25 13:00:17,069 - INFO - [+]300297暂无新公告!
2024-10-25 13:00:17,079 - INFO - [-]002705尝试打开cninfo...
2024-10-25 13:00:22,449 - SUCCESS - [+]002705成功打开cninfo！
2024-10-25 13:00:22,450 - INFO - [-]选择日期和输入代码...
2024-10-25 13:00:24,203 - INFO - [-]跳转查询页面...
2024-10-25 13:00:27,299 - INFO - [+]002705暂无新公告!
2024-10-25 13:00:27,308 - INFO - [-]002335尝试打开cninfo...
2024-10-25 13:00:32,832 - SUCCESS - [+]002335成功打开cninfo！
2024-10-25 13:00:32,833 - INFO - [-]选择日期和输入代码...
2024-10-25 13:00:34,722 - INFO - [-]跳转查询页面...
2024-10-25 13:00:38,012 - INFO - [+]002335暂无新公告!
2024-10-25 13:00:38,021 - INFO - [-]002341尝试打开cninfo...
2024-10-25 13:00:44,051 - SUCCESS - [+]002341成功打开cninfo！
2024-10-25 13:00:44,051 - INFO - [-]选择日期和输入代码...
2024-10-25 13:00:45,727 - INFO - [-]跳转查询页面...
2024-10-25 13:00:49,040 - INFO - [+]002341暂无新公告!
2024-10-25 13:00:49,048 - INFO - [-]300657尝试打开cninfo...
2024-10-25 13:00:55,047 - SUCCESS - [+]300657成功打开cninfo！
2024-10-25 13:00:55,047 - INFO - [-]选择日期和输入代码...
2024-10-25 13:00:56,957 - INFO - [-]跳转查询页面...
2024-10-25 13:01:00,062 - SUCCESS - [+]在cninfo 300657查询到关于控股股东部分股份解除质押的公告!
2024-10-25 13:01:00,062 - ERROR - 300657在返回cninfo结果时没有成功执行!
2024-10-25 13:01:00,062 - ERROR - '关于控股股东部分股份解除质押的公告'
2024-10-25 13:01:00,724 - INFO - [-]创建浏览器实例...
2024-10-25 13:01:01,452 - INFO - [-]300657尝试打开cninfo...
2024-10-25 13:01:10,024 - SUCCESS - [+]300657成功打开cninfo！
2024-10-25 13:01:10,025 - INFO - [-]选择日期和输入代码...
2024-10-25 13:01:12,087 - INFO - [-]跳转查询页面...
2024-10-25 13:01:16,028 - SUCCESS - [+]在cninfo 300657查询到关于控股股东部分股份解除质押的公告!
2024-10-25 13:01:16,029 - ERROR - 300657在返回cninfo结果时没有成功执行!
2024-10-25 13:01:16,029 - ERROR - '关于控股股东部分股份解除质押的公告'
2024-10-25 13:01:16,602 - INFO - [-]创建浏览器实例...
2024-10-25 13:01:17,177 - INFO - [-]300657尝试打开cninfo...
2024-10-25 13:01:24,604 - SUCCESS - [+]300657成功打开cninfo！
2024-10-25 13:01:24,604 - INFO - [-]选择日期和输入代码...
2024-10-25 13:01:26,625 - INFO - [-]跳转查询页面...
2024-10-25 13:01:30,817 - SUCCESS - [+]在cninfo 300657查询到关于控股股东部分股份解除质押的公告!
2024-10-25 13:01:30,818 - ERROR - 300657在返回cninfo结果时没有成功执行!
2024-10-25 13:01:30,818 - ERROR - '关于控股股东部分股份解除质押的公告'
2024-10-25 13:01:31,361 - INFO - [-]创建浏览器实例...
2024-10-25 13:01:32,020 - INFO - [-]300657尝试打开cninfo...
2024-10-25 13:01:40,172 - SUCCESS - [+]300657成功打开cninfo！
2024-10-25 13:01:40,173 - INFO - [-]选择日期和输入代码...
2024-10-25 13:01:42,099 - INFO - [-]跳转查询页面...
2024-10-25 13:01:45,531 - SUCCESS - [+]在cninfo 300657查询到关于控股股东部分股份解除质押的公告!
2024-10-25 13:01:45,531 - ERROR - 300657在返回cninfo结果时没有成功执行!
2024-10-25 13:01:45,531 - ERROR - '关于控股股东部分股份解除质押的公告'
2024-10-25 13:01:46,095 - INFO - [-]创建浏览器实例...
2024-10-25 13:01:46,704 - INFO - [-]300657尝试打开cninfo...
2024-10-25 13:01:54,181 - SUCCESS - [+]300657成功打开cninfo！
2024-10-25 13:01:54,181 - INFO - [-]选择日期和输入代码...
2024-10-25 13:01:56,347 - INFO - [-]跳转查询页面...
2024-10-25 13:01:59,643 - SUCCESS - [+]在cninfo 300657查询到关于控股股东部分股份解除质押的公告!
2024-10-25 13:01:59,644 - ERROR - 300657在返回cninfo结果时没有成功执行!
2024-10-25 13:01:59,644 - ERROR - '关于控股股东部分股份解除质押的公告'
2024-10-25 13:02:00,197 - INFO - [-]创建浏览器实例...
2024-10-25 13:02:00,755 - INFO - [-]300657尝试打开cninfo...
2024-10-25 13:02:07,367 - SUCCESS - [+]300657成功打开cninfo！
2024-10-25 13:02:07,367 - INFO - [-]选择日期和输入代码...
2024-10-25 13:02:09,354 - INFO - [-]跳转查询页面...
2024-10-25 13:02:14,338 - SUCCESS - [+]在cninfo 300657查询到关于控股股东部分股份解除质押的公告!
2024-10-25 13:02:14,339 - ERROR - 300657在返回cninfo结果时没有成功执行!
2024-10-25 13:02:14,339 - ERROR - '关于控股股东部分股份解除质押的公告'
2024-10-25 13:02:14,969 - INFO - [-]创建浏览器实例...
2024-10-25 13:02:15,566 - INFO - [-]300657尝试打开cninfo...
2024-10-25 13:02:22,933 - SUCCESS - [+]300657成功打开cninfo！
2024-10-25 13:02:22,934 - INFO - [-]选择日期和输入代码...
2024-10-25 13:02:24,896 - INFO - [-]跳转查询页面...
2024-10-25 13:02:28,623 - SUCCESS - [+]在cninfo 300657查询到关于控股股东部分股份解除质押的公告!
2024-10-25 13:02:28,623 - ERROR - 300657在返回cninfo结果时没有成功执行!
2024-10-25 13:02:28,624 - ERROR - '关于控股股东部分股份解除质押的公告'
2024-10-25 13:02:29,239 - INFO - [-]创建浏览器实例...
2024-10-25 13:02:29,863 - INFO - [-]300657尝试打开cninfo...
2024-10-25 13:02:37,321 - SUCCESS - [+]300657成功打开cninfo！
2024-10-25 13:02:37,322 - INFO - [-]选择日期和输入代码...
2024-10-25 13:02:39,390 - INFO - [-]跳转查询页面...
2024-10-25 13:02:43,649 - SUCCESS - [+]在cninfo 300657查询到关于控股股东部分股份解除质押的公告!
2024-10-25 13:02:43,650 - ERROR - 300657在返回cninfo结果时没有成功执行!
2024-10-25 13:02:43,650 - ERROR - '关于控股股东部分股份解除质押的公告'
2024-10-25 13:02:44,311 - INFO - [-]创建浏览器实例...
2024-10-25 13:02:44,946 - INFO - [-]300657尝试打开cninfo...
2024-10-25 13:03:12,719 - INFO - [-]尝试读取客户信息...
2024-10-25 13:03:12,719 - SUCCESS - [+]成功读取客户信息！
2024-10-25 13:03:13,636 - INFO - [-]创建浏览器实例...
2024-10-25 13:03:15,033 - INFO - [-]002709尝试打开cninfo...
2024-10-25 13:03:22,596 - SUCCESS - [+]002709成功打开cninfo！
2024-10-25 13:03:22,596 - INFO - [-]选择日期和输入代码...
2024-10-25 13:03:25,131 - INFO - [-]跳转查询页面...
2024-10-25 13:03:28,443 - INFO - [+]002709暂无新公告!
2024-10-25 13:03:28,452 - INFO - [-]300297尝试打开cninfo...
2024-10-25 13:03:34,765 - SUCCESS - [+]300297成功打开cninfo！
2024-10-25 13:03:34,765 - INFO - [-]选择日期和输入代码...
2024-10-25 13:03:37,790 - INFO - [-]跳转查询页面...
2024-10-25 13:03:41,541 - INFO - [+]300297暂无新公告!
2024-10-25 13:03:41,550 - INFO - [-]002705尝试打开cninfo...
2024-10-25 13:03:47,458 - SUCCESS - [+]002705成功打开cninfo！
2024-10-25 13:03:47,459 - INFO - [-]选择日期和输入代码...
2024-10-25 13:03:49,662 - INFO - [-]跳转查询页面...
2024-10-25 13:03:52,590 - INFO - [+]002705暂无新公告!
2024-10-25 13:03:52,606 - INFO - [-]002335尝试打开cninfo...
2024-10-25 13:03:58,693 - SUCCESS - [+]002335成功打开cninfo！
2024-10-25 13:03:58,694 - INFO - [-]选择日期和输入代码...
2024-10-25 13:04:00,626 - INFO - [-]跳转查询页面...
2024-10-25 13:04:04,024 - INFO - [+]002335暂无新公告!
2024-10-25 13:04:04,032 - INFO - [-]002341尝试打开cninfo...
2024-10-25 13:04:09,670 - SUCCESS - [+]002341成功打开cninfo！
2024-10-25 13:04:09,670 - INFO - [-]选择日期和输入代码...
2024-10-25 13:04:11,551 - INFO - [-]跳转查询页面...
2024-10-25 13:04:15,003 - INFO - [+]002341暂无新公告!
2024-10-25 13:04:15,011 - INFO - [-]300657尝试打开cninfo...
2024-10-25 13:04:20,982 - SUCCESS - [+]300657成功打开cninfo！
2024-10-25 13:04:20,983 - INFO - [-]选择日期和输入代码...
2024-10-25 13:04:22,785 - INFO - [-]跳转查询页面...
2024-10-25 13:04:25,790 - SUCCESS - [+]在cninfo 300657查询到关于控股股东部分股份解除质押的公告!
2024-10-25 13:04:25,956 - INFO - [-]尝试写入更新的公告...
2024-10-25 13:05:28,996 - INFO - [-]尝试读取客户信息...
2024-10-25 13:05:28,998 - SUCCESS - [+]成功读取客户信息！
2024-10-25 13:05:29,852 - INFO - [-]创建浏览器实例...
2024-10-25 13:05:31,176 - INFO - [-]300657尝试打开cninfo...
2024-10-25 13:05:40,420 - SUCCESS - [+]300657成功打开cninfo！
2024-10-25 13:05:40,421 - INFO - [-]选择日期和输入代码...
2024-10-25 13:05:42,738 - INFO - [-]跳转查询页面...
2024-10-25 13:05:45,923 - SUCCESS - [+]在cninfo 300657查询到关于控股股东部分股份解除质押的公告!
2024-10-25 13:05:45,924 - ERROR - '关于控股股东部分股份解除质押的公告'
2024-10-25 13:05:46,092 - INFO - [-]尝试写入更新的公告...
2024-10-25 13:14:21,762 - INFO - [-]尝试读取客户信息...
2024-10-25 13:14:21,764 - SUCCESS - [+]成功读取客户信息！
2024-10-25 13:14:22,622 - INFO - [-]创建浏览器实例...
2024-10-25 13:14:24,162 - INFO - [-]300657尝试打开cninfo...
2024-10-25 13:14:32,760 - SUCCESS - [+]300657成功打开cninfo！
2024-10-25 13:14:32,761 - INFO - [-]选择日期和输入代码...
2024-10-25 13:14:35,076 - INFO - [-]跳转查询页面...
2024-10-25 13:14:38,752 - SUCCESS - [+]在cninfo 300657查询到关于控股股东部分股份解除质押的公告!
2024-10-25 13:14:38,929 - INFO - [-]尝试写入更新的公告...
2024-10-25 13:14:38,951 - INFO - [-]尝试改变字体...
2024-10-25 13:14:38,953 - SUCCESS - [+]成功改变字体！
2024-10-25 13:18:57,900 - INFO - [-]尝试读取客户信息...
2024-10-25 13:18:57,901 - SUCCESS - [+]成功读取客户信息！
2024-10-25 13:18:58,757 - INFO - [-]创建浏览器实例...
2024-10-25 13:19:00,187 - INFO - [-]300657尝试打开cninfo...
2024-10-25 13:19:09,183 - SUCCESS - [+]300657成功打开cninfo！
2024-10-25 13:19:09,192 - INFO - [-]选择日期和输入代码...
2024-10-25 13:19:11,301 - INFO - [-]跳转查询页面...
2024-10-25 13:19:14,812 - SUCCESS - [+]在cninfo 300657查询到关于控股股东部分股份解除质押的公告!
2024-10-25 13:20:05,572 - INFO - [-]尝试读取客户信息...
2024-10-25 13:20:05,575 - SUCCESS - [+]成功读取客户信息！
2024-10-25 13:20:06,417 - INFO - [-]创建浏览器实例...
2024-10-25 13:20:07,772 - INFO - [-]300657尝试打开cninfo...
2024-10-25 13:20:15,693 - SUCCESS - [+]300657成功打开cninfo！
2024-10-25 13:20:15,693 - INFO - [-]选择日期和输入代码...
2024-10-25 13:20:17,794 - INFO - [-]跳转查询页面...
2024-10-25 13:20:21,601 - SUCCESS - [+]在cninfo 300657查询到关于控股股东部分股份解除质押的公告!
2024-10-25 13:21:53,328 - INFO - [-]尝试读取客户信息...
2024-10-25 13:21:53,330 - SUCCESS - [+]成功读取客户信息！
2024-10-25 13:21:54,224 - INFO - [-]创建浏览器实例...
2024-10-25 13:21:54,238 - INFO - [-]创建浏览器实例...
2024-10-25 13:21:55,748 - INFO - [-]300657尝试打开cninfo...
2024-10-25 13:21:55,754 - INFO - [-]sz300657尝试打开sina...
2024-10-25 13:22:02,199 - SUCCESS - [+]sz300657成功打开sina！
2024-10-25 13:22:02,199 - INFO - [-]跳转查询页面...
2024-10-25 13:22:02,308 - SUCCESS - [+]在sina，sz300657查询到"【牢记嘱托 奋力谱写中国式现代化甘肃篇章】双向奔赴 共赢未来——天水借产业转移乘风起航"!
2024-10-25 13:22:04,918 - SUCCESS - [+]300657成功打开cninfo！
2024-10-25 13:22:04,918 - INFO - [-]选择日期和输入代码...
2024-10-25 13:22:07,558 - INFO - [-]跳转查询页面...
2024-10-25 13:22:10,962 - SUCCESS - [+]在cninfo 300657查询到关于控股股东部分股份解除质押的公告!
2024-10-25 13:23:04,587 - INFO - [-]尝试读取客户信息...
2024-10-25 13:23:04,591 - SUCCESS - [+]成功读取客户信息！
2024-10-25 13:23:05,425 - INFO - [-]创建浏览器实例...
2024-10-25 13:23:05,438 - INFO - [-]创建浏览器实例...
2024-10-25 13:23:07,117 - INFO - [-]300657尝试打开cninfo...
2024-10-25 13:23:07,126 - INFO - [-]sz300657尝试打开sina...
2024-10-25 13:23:13,832 - SUCCESS - [+]sz300657成功打开sina！
2024-10-25 13:23:13,832 - INFO - [-]跳转查询页面...
2024-10-25 13:23:13,946 - SUCCESS - [+]在sina，sz300657查询到"【牢记嘱托 奋力谱写中国式现代化甘肃篇章】双向奔赴 共赢未来——天水借产业转移乘风起航"!
2024-10-25 13:23:16,805 - SUCCESS - [+]300657成功打开cninfo！
2024-10-25 13:23:16,805 - INFO - [-]选择日期和输入代码...
2024-10-25 13:23:20,143 - INFO - [-]跳转查询页面...
2024-10-25 13:23:23,740 - SUCCESS - [+]在cninfo 300657查询到关于控股股东部分股份解除质押的公告!
2024-10-25 13:23:23,851 - INFO - [-]尝试写入更新的公告...
2024-10-25 13:23:23,873 - INFO - [-]尝试写入更新的公告...
2024-10-25 13:24:56,785 - INFO - [-]尝试读取客户信息...
2024-10-25 13:24:56,789 - SUCCESS - [+]成功读取客户信息！
2024-10-25 13:24:57,705 - INFO - [-]创建浏览器实例...
2024-10-25 13:24:57,716 - INFO - [-]创建浏览器实例...
2024-10-25 13:24:59,344 - INFO - [-]sz300657尝试打开sina...
2024-10-25 13:24:59,350 - INFO - [-]300657尝试打开cninfo...
2024-10-25 13:25:06,444 - SUCCESS - [+]sz300657成功打开sina！
2024-10-25 13:25:06,444 - INFO - [-]跳转查询页面...
2024-10-25 13:25:06,556 - SUCCESS - [+]在sina，sz300657查询到"【牢记嘱托 奋力谱写中国式现代化甘肃篇章】双向奔赴 共赢未来——天水借产业转移乘风起航"!
2024-10-25 13:25:08,810 - SUCCESS - [+]300657成功打开cninfo！
2024-10-25 13:25:08,810 - INFO - [-]选择日期和输入代码...
2024-10-25 13:25:11,245 - INFO - [-]跳转查询页面...
2024-10-25 13:25:14,689 - SUCCESS - [+]在cninfo 300657查询到关于控股股东部分股份解除质押的公告!
2024-10-25 13:25:14,807 - INFO - [-]尝试写入更新的公告...
2024-10-25 13:25:14,827 - INFO - [-]尝试写入更新的公告...
2024-10-25 13:25:14,828 - SUCCESS - [+]公告成功写入！
2024-10-25 13:25:14,843 - INFO - Document saved to /Users/apple/scripts/python/stock/docs/2024-10-25.docx
2024-10-25 13:25:14,844 - INFO - [-]尝试改变字体...
2024-10-25 13:25:14,847 - SUCCESS - [+]成功改变字体！
2024-10-25 13:27:31,806 - INFO - [-]尝试读取客户信息...
2024-10-25 13:27:31,809 - SUCCESS - [+]成功读取客户信息！
2024-10-25 13:27:32,685 - INFO - [-]创建浏览器实例...
2024-10-25 13:27:32,697 - INFO - [-]创建浏览器实例...
2024-10-25 13:27:34,398 - INFO - [-]002709尝试打开cninfo...
2024-10-25 13:27:34,405 - INFO - [-]sz002709尝试打开sina...
2024-10-25 13:27:42,405 - SUCCESS - [+]sz002709成功打开sina！
2024-10-25 13:27:42,405 - INFO - [-]跳转查询页面...
2024-10-25 13:27:42,509 - SUCCESS - [+]在sina，sz002709查询到"A股午评：北证50指数大涨8.54%续刷历史新高 光伏概念股掀涨停潮"!
2024-10-25 13:27:42,526 - SUCCESS - [+]在sina，sz002709查询到"105只股中线走稳 站上半年线"!
2024-10-25 13:27:42,543 - SUCCESS - [+]在sina，sz002709查询到"锂电持续发力，龙头个股最高飙涨超8%！化工板块开盘猛拉，化工ETF（516020）盘中上探1.48%！"!
2024-10-25 13:27:42,559 - SUCCESS - [+]在sina，sz002709查询到"宁德时代钠离子电池落地！电池ETF基金(562880)上涨3.65%"!
2024-10-25 13:27:42,577 - SUCCESS - [+]在sina，sz002709查询到"六氟磷酸锂板块强势 天赐材料涨幅居前"!
2024-10-25 13:27:42,590 - INFO - [-]sz300297尝试打开sina...
2024-10-25 13:27:42,690 - SUCCESS - [+]002709成功打开cninfo！
2024-10-25 13:27:42,691 - INFO - [-]选择日期和输入代码...
2024-10-25 13:27:43,798 - SUCCESS - [+]sz300297成功打开sina！
2024-10-25 13:27:43,798 - INFO - [-]跳转查询页面...
2024-10-25 13:27:43,858 - SUCCESS - [+]在sina，sz300297查询到"宏天信业：多次大宗交易主体关系待解 外采主要业务核心环节或异于同行"!
2024-10-25 13:27:43,873 - INFO - [-]sz002705尝试打开sina...
2024-10-25 13:27:44,872 - INFO - [-]跳转查询页面...
2024-10-25 13:27:45,487 - SUCCESS - [+]sz002705成功打开sina！
2024-10-25 13:27:45,487 - INFO - [-]跳转查询页面...
2024-10-25 13:27:45,524 - INFO - [-]sz002335尝试打开sina...
2024-10-25 13:27:47,263 - SUCCESS - [+]sz002335成功打开sina！
2024-10-25 13:27:47,264 - INFO - [-]跳转查询页面...
2024-10-25 13:27:47,292 - INFO - [-]sz002341尝试打开sina...
2024-10-25 13:27:48,946 - SUCCESS - [+]sz002341成功打开sina！
2024-10-25 13:27:48,946 - INFO - [-]跳转查询页面...
2024-10-25 13:27:48,980 - INFO - [-]sz300221尝试打开sina...
2024-10-25 13:27:49,582 - INFO - [+]002709暂无新公告!
2024-10-25 13:27:49,592 - INFO - [-]300297尝试打开cninfo...
2024-10-25 13:27:50,824 - SUCCESS - [+]sz300221成功打开sina！
2024-10-25 13:27:50,824 - INFO - [-]跳转查询页面...
2024-10-25 13:27:50,852 - INFO - [-]sz300063尝试打开sina...
2024-10-25 13:27:51,983 - SUCCESS - [+]sz300063成功打开sina！
2024-10-25 13:27:51,983 - INFO - [-]跳转查询页面...
2024-10-25 13:27:52,009 - INFO - [-]sh600728尝试打开sina...
2024-10-25 13:27:53,719 - SUCCESS - [+]sh600728成功打开sina！
2024-10-25 13:27:53,720 - INFO - [-]跳转查询页面...
2024-10-25 13:27:53,748 - INFO - [-]sh600155尝试打开sina...
2024-10-25 13:27:55,467 - SUCCESS - [+]sh600155成功打开sina！
2024-10-25 13:27:55,468 - INFO - [-]跳转查询页面...
2024-10-25 13:27:55,496 - INFO - [-]sz002791尝试打开sina...
2024-10-25 13:27:56,704 - SUCCESS - [+]300297成功打开cninfo！
2024-10-25 13:27:56,704 - INFO - [-]选择日期和输入代码...
2024-10-25 13:27:57,313 - SUCCESS - [+]sz002791成功打开sina！
2024-10-25 13:27:57,313 - INFO - [-]跳转查询页面...
2024-10-25 13:27:57,343 - INFO - [-]sz002832尝试打开sina...
2024-10-25 13:27:58,513 - INFO - [-]跳转查询页面...
2024-10-25 13:27:59,629 - SUCCESS - [+]sz002832成功打开sina！
2024-10-25 13:27:59,629 - INFO - [-]跳转查询页面...
2024-10-25 13:27:59,661 - INFO - [-]sz002846尝试打开sina...
2024-10-25 13:28:01,390 - SUCCESS - [+]sz002846成功打开sina！
2024-10-25 13:28:01,390 - INFO - [-]跳转查询页面...
2024-10-25 13:28:01,450 - SUCCESS - [+]在sina，sz002846查询到"PET铜箔板块震荡走高 宝明科技涨停"!
2024-10-25 13:28:01,460 - INFO - [-]sh603826尝试打开sina...
2024-10-25 13:28:01,609 - INFO - [+]300297暂无新公告!
2024-10-25 13:28:01,619 - INFO - [-]002705尝试打开cninfo...
2024-10-25 13:28:03,351 - SUCCESS - [+]sh603826成功打开sina！
2024-10-25 13:28:03,351 - INFO - [-]跳转查询页面...
2024-10-25 13:28:03,379 - INFO - [-]sz300657尝试打开sina...
2024-10-25 13:28:04,984 - SUCCESS - [+]sz300657成功打开sina！
2024-10-25 13:28:04,984 - INFO - [-]跳转查询页面...
2024-10-25 13:28:05,032 - SUCCESS - [+]在sina，sz300657查询到"【牢记嘱托 奋力谱写中国式现代化甘肃篇章】双向奔赴 共赢未来——天水借产业转移乘风起航"!
2024-10-25 13:28:05,041 - INFO - [-]sz002953尝试打开sina...
2024-10-25 13:28:06,679 - SUCCESS - [+]sz002953成功打开sina！
2024-10-25 13:28:06,679 - INFO - [-]跳转查询页面...
2024-10-25 13:28:06,730 - SUCCESS - [+]在sina，sz002953查询到"日丰股份涨2.08%，成交额3317.46万元，主力资金净流出138.60万元"!
2024-10-25 13:28:06,739 - INFO - [-]sz300778尝试打开sina...
2024-10-25 13:28:07,005 - SUCCESS - [+]002705成功打开cninfo！
2024-10-25 13:28:07,005 - INFO - [-]选择日期和输入代码...
2024-10-25 13:28:08,339 - SUCCESS - [+]sz300778成功打开sina！
2024-10-25 13:28:08,339 - INFO - [-]跳转查询页面...
2024-10-25 13:28:08,368 - INFO - [-]sh605199尝试打开sina...
2024-10-25 13:28:08,704 - INFO - [-]跳转查询页面...
2024-10-25 13:28:09,653 - SUCCESS - [+]sh605199成功打开sina！
2024-10-25 13:28:09,653 - INFO - [-]跳转查询页面...
2024-10-25 13:28:09,705 - INFO - [-]sh688668尝试打开sina...
2024-10-25 13:28:11,491 - INFO - [+]002705暂无新公告!
2024-10-25 13:28:11,500 - INFO - [-]002335尝试打开cninfo...
2024-10-25 13:28:11,658 - SUCCESS - [+]sh688668成功打开sina！
2024-10-25 13:28:11,658 - INFO - [-]跳转查询页面...
2024-10-25 13:28:11,685 - INFO - [-]sz002959尝试打开sina...
2024-10-25 13:28:13,391 - SUCCESS - [+]sz002959成功打开sina！
2024-10-25 13:28:13,392 - INFO - [-]跳转查询页面...
2024-10-25 13:28:13,441 - SUCCESS - [+]在sina，sz002959查询到"小熊电器涨2.03%，成交额4402.38万元，主力资金净流入237.91万元"!
2024-10-25 13:28:13,450 - INFO - [-]sz300973尝试打开sina...
2024-10-25 13:28:15,267 - SUCCESS - [+]sz300973成功打开sina！
2024-10-25 13:28:15,268 - INFO - [-]跳转查询页面...
2024-10-25 13:28:15,318 - SUCCESS - [+]在sina，sz300973查询到"立高食品华北生产基地二期项目开工建设"!
2024-10-25 13:28:15,329 - INFO - [-]sh688499尝试打开sina...
2024-10-25 13:28:15,797 - SUCCESS - [+]002335成功打开cninfo！
2024-10-25 13:28:15,797 - INFO - [-]选择日期和输入代码...
2024-10-25 13:28:16,889 - SUCCESS - [+]sh688499成功打开sina！
2024-10-25 13:28:16,889 - INFO - [-]跳转查询页面...
2024-10-25 13:28:16,939 - SUCCESS - [+]在sina，sh688499查询到"广东利元亨智能装备股份有限公司 关于继续使用部分暂时闲置募集资金进行现金管理的公告"!
2024-10-25 13:28:16,949 - INFO - [-]sz300980尝试打开sina...
2024-10-25 13:28:17,650 - INFO - [-]跳转查询页面...
2024-10-25 13:28:18,150 - SUCCESS - [+]sz300980成功打开sina！
2024-10-25 13:28:18,151 - INFO - [-]跳转查询页面...
2024-10-25 13:28:18,180 - INFO - [-]sz301018尝试打开sina...
2024-10-25 13:28:19,898 - SUCCESS - [+]sz301018成功打开sina！
2024-10-25 13:28:19,898 - INFO - [-]跳转查询页面...
2024-10-25 13:28:19,931 - INFO - [-]sz301021尝试打开sina...
2024-10-25 13:28:20,808 - INFO - [+]002335暂无新公告!
2024-10-25 13:28:20,816 - INFO - [-]002341尝试打开cninfo...
2024-10-25 13:28:21,721 - SUCCESS - [+]sz301021成功打开sina！
2024-10-25 13:28:21,721 - INFO - [-]跳转查询页面...
2024-10-25 13:28:26,594 - SUCCESS - [+]002341成功打开cninfo！
2024-10-25 13:28:26,595 - INFO - [-]选择日期和输入代码...
2024-10-25 13:28:28,377 - INFO - [-]跳转查询页面...
2024-10-25 13:28:31,550 - INFO - [+]002341暂无新公告!
2024-10-25 13:28:31,558 - INFO - [-]300221尝试打开cninfo...
2024-10-25 13:28:36,515 - SUCCESS - [+]300221成功打开cninfo！
2024-10-25 13:28:36,515 - INFO - [-]选择日期和输入代码...
2024-10-25 13:28:38,226 - INFO - [-]跳转查询页面...
2024-10-25 13:28:41,339 - INFO - [+]300221暂无新公告!
2024-10-25 13:28:41,347 - INFO - [-]300063尝试打开cninfo...
2024-10-25 13:28:45,093 - SUCCESS - [+]300063成功打开cninfo！
2024-10-25 13:28:45,093 - INFO - [-]选择日期和输入代码...
2024-10-25 13:28:46,761 - INFO - [-]跳转查询页面...
2024-10-25 13:28:50,156 - SUCCESS - [+]在cninfo 300063查询到关于为子公司提供担保的进展公告!
2024-10-25 13:28:50,165 - INFO - [-]600728尝试打开cninfo...
2024-10-25 13:28:55,396 - SUCCESS - [+]600728成功打开cninfo！
2024-10-25 13:28:55,397 - INFO - [-]选择日期和输入代码...
2024-10-25 13:28:57,178 - INFO - [-]跳转查询页面...
2024-10-25 13:29:00,169 - INFO - [+]600728暂无新公告!
2024-10-25 13:29:00,178 - INFO - [-]600155尝试打开cninfo...
2024-10-25 13:29:05,630 - SUCCESS - [+]600155成功打开cninfo！
2024-10-25 13:29:05,631 - INFO - [-]选择日期和输入代码...
2024-10-25 13:29:07,660 - INFO - [-]跳转查询页面...
2024-10-25 13:29:10,939 - INFO - [+]600155暂无新公告!
2024-10-25 13:29:10,949 - INFO - [-]002791尝试打开cninfo...
2024-10-25 13:29:15,838 - SUCCESS - [+]002791成功打开cninfo！
2024-10-25 13:29:15,839 - INFO - [-]选择日期和输入代码...
2024-10-25 13:29:17,785 - INFO - [-]跳转查询页面...
2024-10-25 13:29:21,254 - INFO - [+]002791暂无新公告!
2024-10-25 13:29:21,262 - INFO - [-]002832尝试打开cninfo...
2024-10-25 13:29:27,391 - SUCCESS - [+]002832成功打开cninfo！
2024-10-25 13:29:27,393 - INFO - [-]选择日期和输入代码...
2024-10-25 13:29:29,177 - INFO - [-]跳转查询页面...
2024-10-25 13:29:32,368 - INFO - [+]002832暂无新公告!
2024-10-25 13:29:32,377 - INFO - [-]002846尝试打开cninfo...
2024-10-25 13:29:38,593 - SUCCESS - [+]002846成功打开cninfo！
2024-10-25 13:29:38,593 - INFO - [-]选择日期和输入代码...
2024-10-25 13:29:40,698 - INFO - [-]跳转查询页面...
2024-10-25 13:29:43,892 - INFO - [+]002846暂无新公告!
2024-10-25 13:29:43,900 - INFO - [-]603826尝试打开cninfo...
2024-10-25 13:29:49,407 - SUCCESS - [+]603826成功打开cninfo！
2024-10-25 13:29:49,407 - INFO - [-]选择日期和输入代码...
2024-10-25 13:29:51,279 - INFO - [-]跳转查询页面...
2024-10-25 13:29:54,492 - INFO - [+]603826暂无新公告!
2024-10-25 13:29:54,500 - INFO - [-]300657尝试打开cninfo...
2024-10-25 13:29:59,853 - SUCCESS - [+]300657成功打开cninfo！
2024-10-25 13:29:59,853 - INFO - [-]选择日期和输入代码...
2024-10-25 13:30:01,884 - INFO - [-]跳转查询页面...
2024-10-25 13:30:05,730 - SUCCESS - [+]在cninfo 300657查询到关于控股股东部分股份解除质押的公告!
2024-10-25 13:30:05,739 - INFO - [-]002953尝试打开cninfo...
2024-10-25 13:30:11,148 - SUCCESS - [+]002953成功打开cninfo！
2024-10-25 13:30:11,148 - INFO - [-]选择日期和输入代码...
2024-10-25 13:30:13,063 - INFO - [-]跳转查询页面...
2024-10-25 13:30:16,317 - INFO - [+]002953暂无新公告!
2024-10-25 13:30:16,326 - INFO - [-]300778尝试打开cninfo...
2024-10-25 13:30:24,511 - SUCCESS - [+]300778成功打开cninfo！
2024-10-25 13:30:24,512 - INFO - [-]选择日期和输入代码...
2024-10-25 13:30:26,387 - INFO - [-]跳转查询页面...
2024-10-25 13:30:29,372 - INFO - [+]300778暂无新公告!
2024-10-25 13:30:29,381 - INFO - [-]605199尝试打开cninfo...
2024-10-25 13:30:36,249 - SUCCESS - [+]605199成功打开cninfo！
2024-10-25 13:30:36,250 - INFO - [-]选择日期和输入代码...
2024-10-25 13:30:38,099 - INFO - [-]跳转查询页面...
2024-10-25 13:30:42,370 - INFO - [+]605199暂无新公告!
2024-10-25 13:30:42,378 - INFO - [-]688668尝试打开cninfo...
2024-10-25 13:30:48,249 - SUCCESS - [+]688668成功打开cninfo！
2024-10-25 13:30:48,249 - INFO - [-]选择日期和输入代码...
2024-10-25 13:30:50,121 - INFO - [-]跳转查询页面...
2024-10-25 13:30:53,803 - INFO - [+]688668暂无新公告!
2024-10-25 13:30:53,813 - INFO - [-]002959尝试打开cninfo...
2024-10-25 13:30:59,883 - SUCCESS - [+]002959成功打开cninfo！
2024-10-25 13:30:59,884 - INFO - [-]选择日期和输入代码...
2024-10-25 13:31:01,832 - INFO - [-]跳转查询页面...
2024-10-25 13:31:05,454 - INFO - [+]002959暂无新公告!
2024-10-25 13:31:05,464 - INFO - [-]300973尝试打开cninfo...
2024-10-25 13:31:11,849 - SUCCESS - [+]300973成功打开cninfo！
2024-10-25 13:31:11,849 - INFO - [-]选择日期和输入代码...
2024-10-25 13:31:13,874 - INFO - [-]跳转查询页面...
2024-10-25 13:31:17,672 - INFO - [+]300973暂无新公告!
2024-10-25 13:31:17,682 - INFO - [-]688499尝试打开cninfo...
2024-10-25 13:31:23,426 - SUCCESS - [+]688499成功打开cninfo！
2024-10-25 13:31:23,426 - INFO - [-]选择日期和输入代码...
2024-10-25 13:31:25,387 - INFO - [-]跳转查询页面...
2024-10-25 13:31:28,644 - SUCCESS - [+]在cninfo 688499查询到广东利元亨智能装备股份有限公司关于使用部分闲置募集资金暂时补充流动资金的公告!
2024-10-25 13:31:28,660 - SUCCESS - [+]在cninfo 688499查询到中信证券股份有限公司关于广东利元亨智能装备股份有限公司使用部分闲置募集资金暂时补充流动资金的核查意见!
2024-10-25 13:31:28,677 - SUCCESS - [+]在cninfo 688499查询到广东利元亨智能装备股份有限公司第三届监事会第六次会议决议公告!
2024-10-25 13:31:28,692 - SUCCESS - [+]在cninfo 688499查询到广东利元亨智能装备股份有限公司关于部分募投项目延期的公告!
2024-10-25 13:31:28,710 - SUCCESS - [+]在cninfo 688499查询到广东利元亨智能装备股份有限公司关于继续使用部分暂时闲置募集资金进行现金管理的公告!
2024-10-25 13:31:28,728 - SUCCESS - [+]在cninfo 688499查询到中信证券股份有限公司关于广东利元亨智能装备股份有限公司部分募投项目延期的核查意见!
2024-10-25 13:31:28,742 - SUCCESS - [+]在cninfo 688499查询到中信证券股份有限公司关于广东利元亨智能装备股份有限公司继续使用部分暂时闲置募集资金进行现金管理的核查意见!
2024-10-25 13:31:28,751 - INFO - [-]300980尝试打开cninfo...
2024-10-25 13:31:34,631 - SUCCESS - [+]300980成功打开cninfo！
2024-10-25 13:31:34,632 - INFO - [-]选择日期和输入代码...
2024-10-25 13:31:36,340 - INFO - [-]跳转查询页面...
2024-10-25 13:31:41,079 - INFO - [+]300980暂无新公告!
2024-10-25 13:31:41,088 - INFO - [-]301018尝试打开cninfo...
2024-10-25 13:31:46,619 - SUCCESS - [+]301018成功打开cninfo！
2024-10-25 13:31:46,620 - INFO - [-]选择日期和输入代码...
2024-10-25 13:31:49,397 - INFO - [-]跳转查询页面...
2024-10-25 13:31:53,215 - INFO - [+]301018暂无新公告!
2024-10-25 13:31:53,224 - INFO - [-]301021尝试打开cninfo...
2024-10-25 13:31:59,126 - SUCCESS - [+]301021成功打开cninfo！
2024-10-25 13:31:59,126 - INFO - [-]选择日期和输入代码...
2024-10-25 13:32:01,119 - INFO - [-]跳转查询页面...
2024-10-25 13:32:04,577 - INFO - [+]301021暂无新公告!
2024-10-25 13:32:04,712 - INFO - [-]尝试写入更新的公告...
2024-10-25 13:32:04,737 - INFO - [-]尝试写入更新的公告...
2024-10-25 13:32:04,740 - SUCCESS - [+]公告成功写入！
2024-10-25 13:32:04,757 - INFO - Document saved to /Users/apple/scripts/python/stock/docs/2024-10-25.docx
2024-10-25 13:32:04,758 - INFO - [-]尝试改变字体...
2024-10-25 13:32:04,765 - SUCCESS - [+]成功改变字体！
