2024-10-24 23:14:41,147 - INFO - [-]尝试读取客户信息...
2024-10-24 23:14:41,150 - INFO - list index out of range
2024-10-24 23:14:41,151 - INFO - list index out of range
2024-10-24 23:14:41,151 - SUCCESS - [+]成功读取客户信息！
2024-10-24 23:14:42,312 - INFO - [-]创建浏览器实例...
2024-10-24 23:14:42,324 - INFO - [-]创建浏览器实例...
2024-10-24 23:14:51,135 - INFO - [-]600997尝试打开cninfo...
2024-10-24 23:14:51,373 - INFO - [-]sh600997尝试打开sina...
2024-10-24 23:15:03,522 - SUCCESS - [+]sh600997成功打开sina！
2024-10-24 23:15:03,523 - INFO - [-]跳转查询页面...
2024-10-24 23:15:03,746 - SUCCESS - [+]在sina，sh600997查询到"开滦股份跌1.43%，成交额5917.32万元，该股当前无连续增减仓现象，主力趋势不明显"!
2024-10-24 23:15:09,131 - SUCCESS - [+]600997成功打开cninfo！
2024-10-24 23:15:09,141 - INFO - [-]选择日期和输入代码...
2024-10-24 23:15:16,664 - INFO - [-]跳转查询页面...
2024-10-24 23:15:25,863 - INFO - [+]600997暂无新公告!
2024-10-24 23:15:37,602 - INFO - [-]sh600575尝试打开sina...
2024-10-24 23:15:40,830 - SUCCESS - [+]sh600575成功打开sina！
2024-10-24 23:15:40,831 - INFO - [-]跳转查询页面...
2024-10-24 23:15:40,936 - SUCCESS - [+]在sina，sh600575查询到"交易模式创新激发天然气市场活力"!
2024-10-24 23:15:40,992 - SUCCESS - [+]在sina，sh600575查询到"淮河能源涨3.32%，中期趋势方面，下方累积一定获利筹码。近期该股获筹码青睐，且集中度渐增"!
2024-10-24 23:15:41,053 - SUCCESS - [+]在sina，sh600575查询到"我省一项目入选全国生产矿山生态修复典型案例"!
2024-10-24 23:15:42,251 - INFO - [-]600575尝试打开cninfo...
2024-10-24 23:15:55,526 - SUCCESS - [+]600575成功打开cninfo！
2024-10-24 23:15:55,527 - INFO - [-]选择日期和输入代码...
2024-10-24 23:15:58,698 - INFO - [-]跳转查询页面...
2024-10-24 23:16:04,884 - INFO - [+]600575暂无新公告!
2024-10-24 23:16:13,788 - INFO - [-]尝试写入更新的公告...
2024-10-24 23:16:13,816 - INFO - [-]尝试写入更新的公告...
2024-10-24 23:16:13,817 - SUCCESS - [+]公告成功写入！
2024-10-24 23:16:13,835 - INFO - Document saved to /Users/apple/scripts/python/stock/2024-10-24.docx
2024-10-24 23:16:13,836 - INFO - [-]尝试改变字体...
2024-10-24 23:16:13,841 - SUCCESS - [+]成功改变字体！
2024-10-24 23:18:30,940 - INFO - [-]尝试读取客户信息...
2024-10-24 23:18:30,941 - INFO - list index out of range
2024-10-24 23:18:30,941 - INFO - list index out of range
2024-10-24 23:18:30,941 - SUCCESS - [+]成功读取客户信息！
2024-10-24 23:18:31,474 - INFO - [-]创建浏览器实例...
2024-10-24 23:18:31,487 - INFO - [-]创建浏览器实例...
2024-10-24 23:18:32,649 - INFO - [-]600997尝试打开cninfo...
2024-10-24 23:18:32,655 - INFO - [-]sh600997尝试打开sina...
2024-10-24 23:18:47,477 - SUCCESS - [+]sh600997成功打开sina！
2024-10-24 23:18:47,477 - INFO - [-]跳转查询页面...
2024-10-24 23:18:47,591 - SUCCESS - [+]在sina，sh600997查询到"开滦股份跌1.43%，成交额5917.32万元，该股当前无连续增减仓现象，主力趋势不明显"!
2024-10-24 23:18:47,603 - INFO - [-]sh600575尝试打开sina...
2024-10-24 23:18:49,614 - SUCCESS - [+]sh600575成功打开sina！
2024-10-24 23:18:49,614 - INFO - [-]跳转查询页面...
2024-10-24 23:18:49,665 - SUCCESS - [+]在sina，sh600575查询到"交易模式创新激发天然气市场活力"!
2024-10-24 23:18:49,682 - SUCCESS - [+]在sina，sh600575查询到"淮河能源涨3.32%，中期趋势方面，下方累积一定获利筹码。近期该股获筹码青睐，且集中度渐增"!
2024-10-24 23:18:49,697 - SUCCESS - [+]在sina，sh600575查询到"我省一项目入选全国生产矿山生态修复典型案例"!
2024-10-24 23:18:51,303 - SUCCESS - [+]600997成功打开cninfo！
2024-10-24 23:18:51,303 - INFO - [-]选择日期和输入代码...
2024-10-24 23:18:55,034 - INFO - [-]跳转查询页面...
2024-10-24 23:19:02,078 - INFO - [+]600997暂无新公告!
2024-10-24 23:19:02,086 - INFO - [-]600575尝试打开cninfo...
2024-10-24 23:19:24,525 - SUCCESS - [+]600575成功打开cninfo！
2024-10-24 23:19:24,525 - INFO - [-]选择日期和输入代码...
2024-10-24 23:19:26,754 - INFO - [-]跳转查询页面...
2024-10-24 23:19:34,329 - INFO - [+]600575暂无新公告!
2024-10-24 23:19:34,445 - INFO - [-]尝试写入更新的公告...
2024-10-24 23:19:34,466 - INFO - [-]尝试写入更新的公告...
2024-10-24 23:19:34,467 - SUCCESS - [+]公告成功写入！
2024-10-24 23:19:34,483 - INFO - Document saved to /Users/apple/Pictures/cantonese_restaurant/2024-10-24.docx
2024-10-24 23:19:34,483 - INFO - [-]尝试改变字体...
2024-10-24 23:19:34,486 - SUCCESS - [+]成功改变字体！
2024-10-24 23:20:54,151 - INFO - [-]尝试读取客户信息...
2024-10-24 23:20:54,152 - INFO - list index out of range
2024-10-24 23:20:54,152 - INFO - list index out of range
2024-10-24 23:20:54,152 - SUCCESS - [+]成功读取客户信息！
2024-10-24 23:20:54,666 - INFO - [-]创建浏览器实例...
2024-10-24 23:20:54,680 - INFO - [-]创建浏览器实例...
2024-10-24 23:20:56,239 - INFO - [-]sh600997尝试打开sina...
2024-10-24 23:20:56,244 - INFO - [-]600997尝试打开cninfo...
2024-10-24 23:20:59,189 - ERROR - 在 open_url 没有成功执行!
2024-10-24 23:20:59,189 - ERROR - 传递的参数: args = (<Page url='https://vip.stock.finance.sina.com.cn/corp/go.php/vCB_AllNewsStock/symbol/sh600997.phtml'>, 'sh600997', 'https://vip.stock.finance.sina.com.cn/corp/go.php/vCB_AllNewsStock/symbol/sh600997.phtml'), kwargs = {}
2024-10-24 23:20:59,189 - ERROR - Page.goto: Target page, context or browser has been closed
Call log:
navigating to "https://vip.stock.finance.sina.com.cn/corp/go.php/vCB_AllNewsStock/symbol/sh600997.phtml", waiting until "load"

2024-10-24 23:20:59,189 - INFO - [-]sh600575尝试打开sina...
2024-10-24 23:20:59,195 - ERROR - 在 open_url 没有成功执行!
2024-10-24 23:20:59,195 - ERROR - 传递的参数: args = (<Page url='https://vip.stock.finance.sina.com.cn/corp/go.php/vCB_AllNewsStock/symbol/sh600997.phtml'>, 'sh600575', 'https://vip.stock.finance.sina.com.cn/corp/go.php/vCB_AllNewsStock/symbol/sh600575.phtml'), kwargs = {}
2024-10-24 23:20:59,195 - ERROR - Page.goto: Target page, context or browser has been closed
2024-10-24 23:24:14,113 - INFO - [-]尝试读取客户信息...
2024-10-24 23:24:14,114 - INFO - [[['', '开滦股份(600997)', '常年'], ['', '淮河能源(600575)', '常年'], ['', '', '常年'], ['', '', '常年'], ['', '', '常年'], ['', '', '常年'], ['', '', '常年'], ['', '', '常年'], ['', '', '常年'], ['', '', '常年'], ['', '', '常年'], ['', '', '常年'], ['', '', '常年'], ['', '', '常年'], ['', '', '常年'], ['', '', '常年'], ['', '', '常年'], ['', '', '常年'], ['', '', '常年'], ['', '', '常年'], ['', '', '常年'], ['', '', '常年'], ['', '', '常年'], ['', '', '常年'], ['', '', '常年']]]
2024-10-24 23:24:14,116 - INFO - list index out of range
2024-10-24 23:24:14,116 - INFO - list index out of range
2024-10-24 23:24:14,116 - SUCCESS - [+]成功读取客户信息！
2024-10-24 23:24:15,061 - INFO - [-]创建浏览器实例...
2024-10-24 23:24:15,075 - INFO - [-]创建浏览器实例...
2024-10-24 23:24:16,941 - INFO - [-]600997尝试打开cninfo...
2024-10-24 23:24:16,948 - INFO - [-]sh600997尝试打开sina...
2024-10-24 23:24:23,611 - ERROR - 在 open_url 没有成功执行!
2024-10-24 23:24:23,611 - ERROR - 传递的参数: args = (<Page url='https://vip.stock.finance.sina.com.cn/corp/go.php/vCB_AllNewsStock/symbol/sh600997.phtml'>, 'sh600997', 'https://vip.stock.finance.sina.com.cn/corp/go.php/vCB_AllNewsStock/symbol/sh600997.phtml'), kwargs = {}
2024-10-24 23:24:23,611 - ERROR - Page.goto: Target page, context or browser has been closed
Call log:
navigating to "https://vip.stock.finance.sina.com.cn/corp/go.php/vCB_AllNewsStock/symbol/sh600997.phtml", waiting until "load"

2024-10-24 23:24:23,611 - INFO - [-]sh600575尝试打开sina...
2024-10-24 23:24:23,617 - ERROR - 在 open_url 没有成功执行!
2024-10-24 23:24:23,617 - ERROR - 传递的参数: args = (<Page url='https://vip.stock.finance.sina.com.cn/corp/go.php/vCB_AllNewsStock/symbol/sh600997.phtml'>, 'sh600575', 'https://vip.stock.finance.sina.com.cn/corp/go.php/vCB_AllNewsStock/symbol/sh600575.phtml'), kwargs = {}
2024-10-24 23:24:23,617 - ERROR - Page.goto: Target page, context or browser has been closed
